gpg-pubkey-e99d6ad1-64d2612c 1691509036 0 (none) installed
gpg-pubkey-a15b79cc-63d04c2c 1674595372 0 (none) installed
libgcc-14.1.1-7.fc41.x86_64 1719844640 281196 159c2a84cf0236025d0a6143f3c876b0 installed
fedora-repos-rawhide-41-0.2.noarch 1716229133 2203 3956f6f92a5e23b519e3509f591d5a16 installed
fedora-gpg-keys-41-0.2.noarch 1716229133 127678 65024d5f92d46cd18299867b646d3049 installed
fedora-repos-41-0.2.noarch 1716229133 4971 7b2fc9eb94d3f72bb21a6682ab96c176 installed
libssh-config-0.10.6-6.fc41.noarch 1709829599 277 090ad94253058cb05c0f975214d66be6 installed
libstdc++-14.1.1-7.fc41.x86_64 1719844640 2899874 47ac5b94293ea3cd0160f5b8840a6a70 installed
pam-libs-1.6.1-4.fc41.x86_64 1719905812 138263 b849cd0fa5a6b6d97a749786dca44d35 installed
libgomp-14.1.1-7.fc41.x86_64 1719844640 536012 5d7761636d587f0a938cfc1e193a7cdf installed
rust-srpm-macros-26.3-1.fc41.noarch 1715971070 4965 204e891750746f10786d1734fc83c19b installed
pam-1.6.1-4.fc41.x86_64 1719905812 1854588 c36f1056c2df86e795ae313aff6ffdae installed
libssh-0.10.6-6.fc41.x86_64 1709829948 525659 43382c113f72efb0e41066d7e908c994 installed
redhat-rpm-config-293-1.fc41.noarch 1718007649 187943 cafa4d03fcada39da140eba2c4143c93 installed
glibc-common-2.39.9000-35.fc41.x86_64 1721403046 1077917 38ebf95ba2d0fd8f6ee8bd24f209ac6b installed
glibc-minimal-langpack-2.39.9000-35.fc41.x86_64 1721403046 0 0727b1106b3bb5296c72251229c16c8b installed
glibc-gconv-extra-2.39.9000-35.fc41.x86_64 1721403046 8181118 8ce3a006730dbf0b3a89ec3675959271 installed
glibc-2.39.9000-35.fc41.x86_64 1721403046 6966478 e54559983a488fff6356177af87c4781 installed
fedora-release-identity-basic-41-0.16.noarch 1720632183 694 a4d217bbb08945501d9384bb0a031363 installed
fedora-release-common-41-0.16.noarch 1720632183 19676 5e3a42a01afb43b76167005976b51f01 installed
fedora-release-41-0.16.noarch 1720632183 0 3a7581c6d1dc91dc179d047889dda8c2 installed
add-determinism-0.3.5-1.fc41.x86_64 1721408829 2391686 76d674c09d81f3645b39750b7161e71f installed
build-reproducibility-srpm-macros-0.3.5-1.fc41.noarch 1721408829 735 9bd7da22d5bf34757710651271852807 installed
zlib-ng-compat-2.1.7-2.fc41.x86_64 1721554663 137208 096ceb3c587fe399e14843eb959efe39 installed
xz-libs-1:5.6.2-2.fc41.x86_64 1721551180 219539 13606af466378d5c441f5180ebde9d2b installed
bzip2-libs-1.0.8-19.fc41.x86_64 1721242353 82636 1967ffd34d42f4371fdfed5d67c62710 installed
setup-2.15.0-5.fc41.noarch 1721542421 737990 c2c1d11c8d359920f6462c1782344139 installed
popt-1.19-7.fc41.x86_64 1721438525 140146 ace8700cc66ca36adf43c74bc89d34ff installed
libuuid-2.40.2-4.fc41.x86_64 1721540375 38357 bfb01846cf4ce537e47fcb18a2485acb installed
libblkid-2.40.2-4.fc41.x86_64 1721540375 264738 a72bc3eca7cf01b87baa72c9483f8828 installed
libzstd-1.5.6-2.fc41.x86_64 1721554794 815046 4297a3c290f409231a25e14a47550a46 installed
elfutils-libelf-0.191-8.fc41.x86_64 1721253368 1223656 6a070abccf64aa67701247fa4d207aae installed
libcap-2.70-4.fc41.x86_64 1721341449 225536 a285a27b86db50dd58ed1f554700c530 installed
libattr-2.5.2-4.fc41.x86_64 1721238697 29197 aae8b65d6d0f278da13a670a6b88bcea installed
libacl-2.3.2-2.fc41.x86_64 1721234219 40978 e45c54e6170deb8ec9314d162a64b8c4 installed
gmp-1:6.3.0-2.fc41.x86_64 1721279826 830912 b069d6d077bdf78eed884cdfd667a5af installed
filesystem-3.18-23.fc41.x86_64 1721257964 106 dc6edb2b7e390e5f0994267d22b9dc1a installed
libxcrypt-4.4.36-7.fc41.x86_64 1721357244 273245 842453dacf16f72a20602fdd7ce179d0 installed
mpfr-4.2.1-5.fc41.x86_64 1721366641 852021 bb4a246ca75121c25c7bf8ee2f971e53 installed
systemd-libs-256.2-16.fc41.x86_64 1721536908 2125088 0b20a83d7efefc0cfbe726d25aa7ae0c installed
file-libs-5.45-7.fc41.x86_64 1721257949 10414350 1d306d63b0d8442297875616497ee5ca installed
lz4-libs-1.9.4-7.fc41.x86_64 1721362130 136587 d8bce0226ac86e20dc56c5da1d13e6f1 installed
lua-libs-5.4.6-6.fc41.x86_64 1721360349 291859 e6eb417960422b5bc5b44668c2be87a8 installed
libunistring-1.1-8.fc41.x86_64 1721356339 1812909 d3916b80a63c1265f2cf4e25f9a98de2 installed
libidn2-2.3.7-2.fc41.x86_64 1721345779 336978 4de90a0c15c869425338a3e2806cd428 installed
libtasn1-4.19.0-9.fc41.x86_64 1721355629 179908 665ca606c4752853d60b3254004be336 installed
libsepol-3.7-2.fc41.x86_64 1721354718 837459 3fe322908d2e374ac08a7eb057098ea4 installed
libcom_err-1.47.1-3.fc41.x86_64 1721252526 68825 8606a4b66512aeae84d37c2b47ed89ec installed
libcap-ng-0.8.5-3.fc41.x86_64 1721341395 70835 90107bb8ddbde36cf96c690e626a6ebd installed
audit-libs-4.0.1-4.fc41.x86_64 1721238797 335193 16c43a5ca33fc909c3eea6b33da1799d installed
libsmartcols-2.40.2-4.fc41.x86_64 1721540375 184714 1f1f90466471bb271fda6326df18384c installed
gdbm-libs-1:1.23-7.fc41.x86_64 1721263431 124794 81b9d88bd51bda3e1d56e86efa49e68b installed
forge-srpm-macros-0.3.1-2.fc41.noarch 1721279530 39950 d4f92b504a5a1e1442862ca929d9c666 installed
alternatives-1.28-3.fc41.x86_64 1721244045 67894 54c8500117d0913cfcef8de5565d8e0f installed
cyrus-sasl-lib-2.1.28-27.fc41.x86_64 1721248332 2411986 8e4ea26d807dd9187ec20f8a2bd27f65 installed
file-5.45-7.fc41.x86_64 1721257949 106007 9a1817b178846d7cb9b0bf88f8402a94 installed
dwz-0.15-7.fc41.x86_64 1721252726 297916 63ffa1c05076598c2054877b478cfeab installed
libfdisk-2.40.2-4.fc41.x86_64 1721540375 371658 35a33c16cf344cba50b148b89aad138f installed
libxml2-2.12.8-2.fc41.x86_64 1721357657 1792475 b74c71ca88a73279a73113b530c6f02c installed
sqlite-libs-3.46.0-3.fc41.x86_64 1721534998 1497584 f2aeec8e35988f41dff1a5c30b133a3b installed
xxhash-libs-0.8.2-3.fc41.x86_64 1721551316 90590 a41e84b08f0584870cd8b4aa160200fb installed
publicsuffix-list-dafsa-20240107-4.fc41.noarch 1721438996 69171 46e1a3a81ba4c743796c812841389cee installed
libpsl-0.21.5-4.fc41.x86_64 1721352124 82480 18824a998b3f24681396ee1d47d492cc installed
pcre2-syntax-10.44-1.fc41.1.noarch 1721381153 257634 0e65d5660a2c9fb403b82c91248ba8e0 installed
pcre2-10.44-1.fc41.1.x86_64 1721381141 669178 ad2fec6b7111e4ee08ec6788a055f57f installed
libselinux-3.7-5.fc41.x86_64 1721354598 185373 bbe61d352b45ad8f8d69174e6c5d75bf installed
sed-4.9-3.fc41.x86_64 1721531590 882168 3a6467079325d691624894ae20339bb2 installed
findutils-1:4.10.0-4.fc41.x86_64 1721258010 1938903 bc4caa901fc172d9815b76aabf9b7a4d installed
libmount-2.40.2-4.fc41.x86_64 1721540375 360258 57c60f2124878decc2fe665c03345be5 installed
libsemanage-3.7-2.fc41.x86_64 1721354656 300510 4e900f8f081330693223d89c759decca installed
tar-2:1.35-4.fc41.x86_64 1721536942 3093248 f5d4c8bb99049c21cfca966ac2389a71 installed
ncurses-base-6.5-2.20240629.fc41.noarch 1721368557 334084 c0de27324a4fc419e3e1190644c56204 installed
ncurses-libs-6.5-2.20240629.fc41.x86_64 1721368553 998631 5da47db03a60a771429e58e72b6e245d installed
bash-5.2.26-4.fc41.x86_64 1721239827 8546772 10720d9a3d2778d512322c4f8f4b54d4 installed
readline-8.2-9.fc41.x86_64 1721455337 500901 a39af1fe5e686cbe2d63cf31a4333017 installed
grep-3.11-9.fc41.x86_64 1721325682 1042234 8a7397c5be5ec4f6105f4aa634f0420f installed
gawk-5.3.0-4.fc41.x86_64 1721263260 1799613 56da225b99d1644239004cdb844dbabc installed
xz-1:5.6.2-2.fc41.x86_64 1721551180 1245184 e3aa25db6b915c2f548b47a43be1b152 installed
crypto-policies-20240717-2.git154fd4e.fc41.noarch 1721247782 133511 4db46ced9d977b5be33daa54c70d904a installed
unzip-6.0-64.fc41.x86_64 1721540719 396035 82fd1c14b7079b8ce8dc1f3cd959e5cc installed
bzip2-1.0.8-19.fc41.x86_64 1721242353 97949 273ab5ed456f445bfef4b58d4b8b3f78 installed
ed-1.20.2-2.fc41.x86_64 1721252985 150378 ea346bfd7cb76c13dacbe43065f2a802 installed
patch-2.7.6-25.fc41.x86_64 1721379875 273130 73a64a661621f9142cf526ed73cf94b6 installed
elfutils-default-yama-scope-0.191-8.fc41.noarch 1721253387 1810 511e4ae6e607eacbb73e22f2abfa0917 installed
zstd-1.5.6-2.fc41.x86_64 1721554794 1770176 5e1ef614296a462e9213adbbcab7f0a5 installed
util-linux-core-2.40.2-4.fc41.x86_64 1721540375 1534806 51e0d52d9d451f81e7942ad75fc142da installed
libverto-0.3.2-9.fc41.x86_64 1721356765 30173 8c1d055af37cfdf8bc7c3c75b5b73319 installed
libtool-ltdl-2.4.7-12.fc41.x86_64 1721356163 67752 772518c606c8f2c919b776ed0f4e98d1 installed
pkgconf-m4-2.1.1-2.fc41.noarch 1721438044 14252 c07d1c1d2c7aa35c9f44972703e6916f installed
libpkgconf-2.1.1-2.fc41.x86_64 1721438040 75993 97e50b87b06b25189a778c933d579a67 installed
pkgconf-2.1.1-2.fc41.x86_64 1721438040 84836 0c84551bccc5eede40095443b6508623 installed
pkgconf-pkg-config-2.1.1-2.fc41.x86_64 1721438040 989 24d55dc403c5d2b915a1dd0a5310a1b6 installed
libnghttp2-1.62.1-2.fc41.x86_64 1721369785 170108 00e1d94ff77ff8702353f953e49fcfc4 installed
libffi-3.4.6-2.fc41.x86_64 1721344327 88467 bc2433a0860e0615417ffb42c17c6387 installed
p11-kit-0.25.5-3.fc41.x86_64 1721378491 2299272 ca653b80095c89c24f0b8040c99c9026 installed
p11-kit-trust-0.25.5-3.fc41.x86_64 1721378491 400820 13942fa6e32a63d12a44914a83d9fde4 installed
libeconf-0.6.2-3.fc41.x86_64 1721343492 59384 1673c33a92038bdb0085d6afa14f6819 installed
shadow-utils-2:4.15.1-8.fc41.x86_64 1721531969 4311336 4b915ead2a9049a61399fc56b6d405fc installed
libutempter-1.2.1-15.fc41.x86_64 1721356394 59121 c8b11b1756515f260d96bb2f7e3b3454 installed
libbrotli-1.1.0-5.fc41.x86_64 1721241706 857682 1355cb63ed0b0f22780b1a7a5bd30a74 installed
keyutils-libs-1.6.3-4.fc41.x86_64 1721331924 55675 408c263a0c98c45b2d6332d3c7a24f60 installed
jansson-2.13.1-10.fc41.x86_64 1721329898 90428 45ae32f926083c42e3b4c693bb488762 installed
diffutils-3.10-6.fc41.x86_64 1721250240 1653931 8b503c97131d86bac46c52ff91ddae6b installed
cpio-2.15-2.fc41.x86_64 1721247290 1146594 05e95a8ac296175c26a498b9ccb67afa installed
coreutils-common-9.5-7.fc41.x86_64 1721246908 11695971 a512a322fe094d60cce299fae4141735 installed
openssl-libs-1:3.2.2-5.fc41.x86_64 1721376570 8199874 227d934b14a6e25f783dfdd8a23190ac installed
coreutils-9.5-7.fc41.x86_64 1721246908 5834850 1b7652b45ee66cc6e1ab4a73cdbe52ca installed
ca-certificates-2024.2.68_v8.0.302-3.fc41.noarch 1721243550 2461668 d8d033942c8bd0993c91eb0131411a92 installed
libarchive-3.7.4-3.fc41.x86_64 1721341067 944751 2dbbb749463cfecc24245c4821cc00d0 installed
authselect-libs-1.5.0-7.fc41.x86_64 1721238932 837912 98553157e568401e5e66734d2057f925 installed
gzip-1.13-2.fc41.x86_64 1721326990 398386 f844cd242ba90124de77572e4a0f8494 installed
krb5-libs-1.21.3-2.fc41.x86_64 1721336338 2401666 379157624fbe2eae7ad85ea7c46882e3 installed
libtirpc-1.3.4-1.rc3.fc41.1.x86_64 1721355796 207650 eff941bc5fa2b1c903e6e0c107ca34ed installed
cracklib-2.9.11-6.fc41.x86_64 1721247233 244683 c7177f166ed62572fde909b055ac9bf8 installed
libevent-2.1.12-14.fc41.x86_64 1721343791 917178 e6056716a46d083ba407c9e0fd775e2a installed
openldap-2.6.8-4.fc41.x86_64 1721376288 655641 285fc2ecb71b4c09036652be3026ab6c installed
libcurl-8.8.0-3.fc41.x86_64 1721248298 829174 89a214d37f235c21d18eed412129a470 installed
elfutils-libs-0.191-8.fc41.x86_64 1721253368 661661 e71fb53d81da3ce03ca041cfff6644a3 installed
elfutils-debuginfod-client-0.191-8.fc41.x86_64 1721253368 66455 bdb70d97384f14df1202352fe6ba4c1b installed
binutils-2.42.50-20.fc41.x86_64 1721240612 28628319 c06a9681a8b7e54ca43b610e03e12b3f installed
elfutils-0.191-8.fc41.x86_64 1721253368 2675050 82cc5d0f984a788bf33400c3f73b0f5b installed
gdb-minimal-14.2-15.fc41.x86_64 1721263459 13365892 063cfda8d99b30aca29aee1129ae7284 installed
debugedit-5.0-17.fc41.x86_64 1721249221 204076 58df564f70bb54106a93121c01410698 installed
curl-8.8.0-3.fc41.x86_64 1721248298 761590 9282e5be501dafa3c39d8f7131be0078 installed
rpm-sequoia-1.7.0-2.fc41.x86_64 1721519690 2480813 82b9ccc122d8e055734bce74980b0f5f installed
rpm-libs-4.19.92-5.fc41.x86_64 1721456137 735128 f4c9713d189c5ff8a9322f0f267485fb installed
rpm-4.19.92-5.fc41.x86_64 1721456137 3194297 5e781c3e318a52f3bbd15adc288489cb installed
rpm-build-libs-4.19.92-5.fc41.x86_64 1721456137 211624 bf077a32f10a24521e06b44b1cbb9ff2 installed
rpm-build-4.19.92-5.fc41.x86_64 1721456137 198867 58eac129cea620d2437c92f928e8584e installed
pyproject-srpm-macros-1.13.0-2.fc41.noarch 1721446453 1514 9a24958d8ab544fe240e7c95c5f07805 installed
efi-srpm-macros-5-12.fc41.noarch 1721272261 41111 cd4656ac9be3377b26c0776f87b4f982 installed
lua-srpm-macros-1-14.fc41.noarch 1721360973 1367 fa6b86248c6f8679c5854fbde8b07e50 installed
zig-srpm-macros-1-3.fc41.noarch 1721554149 1121 706b5b27c71b5aad5a18b3ea4d543a28 installed
libpwquality-1.4.5-11.fc41.x86_64 1721352116 427802 6c5db826468ec4919dab85144fbb1e31 installed
libnsl2-2.0.1-2.fc41.x86_64 1721350586 59334 92058ea435ea4b6c64ec92e5c49f1953 installed
authselect-1.5.0-7.fc41.x86_64 1721238932 157232 50fed1a91b0a7b120653a810753ddb35 installed
util-linux-2.40.2-4.fc41.x86_64 1721540375 3859816 75afc7ca0da8690703eb2ad906279441 installed
which-2.21-42.fc41.x86_64 1721542530 82148 27a6a10d1499a7a3b68cedd9aaebe13b installed
zip-3.0-41.fc41.x86_64 1721554186 720047 575355643e52041c85287bb95eff7282 installed
gdbm-1:1.23-7.fc41.x86_64 1721263431 471911 52586e2d47374166aa1a1aebf8dcafdb installed
info-7.1-3.fc41.x86_64 1721537647 370471 4af24276ae3f1fb73cb77c80c46e5c9d installed
python-srpm-macros-3.13-3.fc41.noarch 1721445603 52213 0a70454931eedcac58fd473d4b1cdcfa installed
fonts-srpm-macros-1:2.0.5-17.fc41.noarch 1721259754 57184 cb821889bf4bcbe37171e3f9942a5056 installed
go-srpm-macros-3.6.0-3.fc41.noarch 1721283562 62271 571784a13f69bb5bd4008a57763f6da1 installed
basesystem-11-21.fc41.noarch 1721239806 0 fa219875b8180b7a4be739bc0c77091e installed
qt6-srpm-macros-6.7.2-3.fc41.noarch 1721451695 456 f3b2afe45eb61ec48ca431b84046e30b installed
qt5-srpm-macros-5.15.14-3.fc41.noarch 1721450712 500 4b17ad1c6c35ec4c832115336869d474 installed
perl-srpm-macros-1-56.fc41.noarch 1721436857 861 09793a49db7c7cddedadaca126accf37 installed
package-notes-srpm-macros-0.5-12.fc41.noarch 1721431113 1631 184fe328a7c50a60ba3aaf50eb162a47 installed
openblas-srpm-macros-2-18.fc41.noarch 1721425843 112 60cf3405650e1d39d7684c05fe99631e installed
ocaml-srpm-macros-10-3.fc41.noarch 1721373173 1959 3ca7ec95eeab0a4bccae664b5763e51e installed
kernel-srpm-macros-1.0-24.fc41.noarch 1721331625 1964 908f8aaa173fe15cfee04b74d42ec131 installed
gnat-srpm-macros-6-6.fc41.noarch 1721279996 1019 11f60a6b5c3d5b0ad279d7e725367523 installed
ghc-srpm-macros-1.9.1-2.fc41.noarch 1721274074 747 de4af29d2af8512a6a0a7fa89c489562 installed
fpc-srpm-macros-1.3-13.fc41.noarch 1721279695 144 b56259f2513d159d7b933607e85434c0 installed
ansible-srpm-macros-1-16.fc41.noarch 1721236224 36518 2c531d9d4ffe356739969b6538a966ac installed
libpng-2:1.6.40-4.fc41.x86_64 1721352288 251702 68ac4051c18819d38fc2f1620bcd32db installed
libjpeg-turbo-3.0.2-3.fc41.x86_64 1721346440 795587 dc54268b58994177842c65d131645068 installed
nspr-4.35.0-27.fc41.x86_64 1721370371 324024 f74b4b73ffae57fb56c76165c1b3e4f3 installed
lcms2-2.16-4.fc41.x86_64 1721339032 435051 46b2568f1d7167275b5287143d80fbb0 installed
libgpg-error-1.50-2.fc41.x86_64 1721345170 910892 09737752545cdf4a026bbd9e1dd7992e installed
fonts-filesystem-1:2.0.5-17.fc41.noarch 1721259754 0 dd8378721eb0baeba1cec877d2a4905b installed
urw-base35-fonts-common-20200910-23.fc41.noarch 1721559930 38280 94bc1b175f94abfe69faa7e96663d13f installed
nss-util-3.101.0-4.fc41.x86_64 1721370371 210040 31e882e20236b5cadb000b8adde23919 installed
nettle-3.10-3.fc41.x86_64 1721369331 812057 8bb344f1f0d9c2ea9de3294a78e3c77d installed
gnutls-3.8.6-3.fc41.x86_64 1721283350 3370833 6258707c0e9fd9376d646e2adc0db34e installed
glib2-2.80.3-1.fc41.x86_64 1718618706 15307122 d8bf8a0bed80aaf4cf4559f6ffee4cc5 installed
libusb1-1.0.27-3.fc41.x86_64 1721356396 170270 8f03bf92e9f77d0c594912565e06346b installed
dbus-libs-1:1.14.10-4.fc41.x86_64 1721248739 377779 8a958833d59000a483ae52226aa1da4b installed
avahi-libs-0.8-29.fc41.x86_64 1721239120 170270 b944f17c7688a3682afe38aaea88e33f installed
cups-libs-1:2.4.10-2.fc41.x86_64 1721248447 637838 306477d0b1ee36c217f03f8322d6fc7b installed
expat-2.6.2-2.fc41.x86_64 1721255965 291595 8e1dc306cd97cf8bb0e2becb886504e4 installed
libassuan-2.5.7-2.fc41.x86_64 1721340928 167716 41545abbd8633816b1553cbe923aee4a installed
cups-filesystem-1:2.4.10-2.fc41.noarch 1721248454 0 5058fc21db59dd7fc5b16c946c4a02e4 installed
openjpeg-2.5.2-3.fc41.x86_64 1721376176 456379 786a33468225c8447de7f5e02bda8b46 installed
libICE-1.1.1-4.fc41.x86_64 1721339404 185565 2c5c8c3aad7b281b4dc7aba2b949eacc installed
adobe-mappings-cmap-20230622-4.fc41.noarch 1721236109 15080934 9c69288a35f5e655d87f658ee8cc2ab3 installed
cmake-filesystem-3.28.3-7.fc41.x86_64 1721245145 0 134f25ef75c15b957ccf66f53fa18cdd installed
zlib-ng-compat-devel-2.1.7-2.fc41.x86_64 1721554663 109323 5b79f837d45716a02e4d05d9d2c4b230 installed
libtextstyle-0.22.5-6.fc41.x86_64 1721264250 200320 779805087e1d17522bc29569bb99f185 installed
gettext-libs-0.22.5-6.fc41.x86_64 1721264250 1755458 88e5eb6a6ca0eb9f2199ceeb031997db installed
libmpc-1.3.1-6.fc41.x86_64 1721349819 168604 9f279da878cda3bfe49197b0436ca740 installed
cpp-14.1.1-7.fc41.x86_64 1719844640 36690177 c7f24300839f571caaaafd9eaf6aeaa8 installed
libpng-devel-2:1.6.40-4.fc41.x86_64 1721352288 902673 b572f0ed60d68014e8fec0a7c459bc32 installed
libjpeg-turbo-devel-3.0.2-3.fc41.x86_64 1721346440 361410 862bc83bb8a8b87043817eb6c236a461 installed
adobe-mappings-cmap-deprecated-20230622-4.fc41.noarch 1721236109 596045 64946343139f124941cefe9b661a0562 installed
libSM-1.2.4-4.fc41.x86_64 1721339397 99620 e38bbc2e15bfbf519f03969cf8bccad0 installed
pappl-1.4.6-3.fc41.x86_64 1721379513 1038595 e6068042e1c3204bd9a4ce866eaa9cd1 installed
cups-client-1:2.4.10-2.fc41.x86_64 1721248447 200783 7fcabadf0967e889deff237daa7f9c7d installed
libusb1-devel-1.0.27-3.fc41.x86_64 1721356396 82960 f1e00a45262506d6ff7adf0068ab8c46 installed
libgudev-238-6.fc41.x86_64 1721345773 89983 86faaddd60f9b8f12739fe7d7a850207 installed
polkit-libs-124-5.fc41.x86_64 1721438422 217036 867868263d895706994d92d33e88b293 installed
json-glib-1.9.2-2.fc41.x86_64 1721330678 568499 1721d43869329171bed1253f9c331b63 installed
libgusb-0.4.9-2.fc41.x86_64 1721345779 166015 ea2bcb3fcb4d4cd2c58f9db518701307 installed
colord-libs-1.4.7-3.fc40.x86_64 1706525272 859272 d480cec0a0b4d8d9dd60637a8687a3ce installed
qpdf-libs-11.9.1-2.fc41.x86_64 1721450875 2897916 8d55b5183545e2c76823103c12d3c4b5 installed
gnutls-c++-3.8.6-3.fc41.x86_64 1721283350 74216 37b4ec9d3391ea708982e8b6b27d9116 installed
nss-softokn-freebl-3.101.0-4.fc41.x86_64 1721370371 793918 ec60f6a7f799ab8bfae18669b971f211 installed
nss-softokn-3.101.0-4.fc41.x86_64 1721370371 1940619 15fc2c1d39413da0a7c0eacd86482854 installed
urw-base35-bookman-fonts-20200910-23.fc41.noarch 1721559930 1428570 4bccef65a6960dfc9face40ae6f2747f installed
urw-base35-c059-fonts-20200910-23.fc41.noarch 1721559930 1460518 8488ccda1fcb5661f027fe23704afb96 installed
urw-base35-d050000l-fonts-20200910-23.fc41.noarch 1721559930 86336 96bf883131c1fc0c185b69ea16f98ed4 installed
urw-base35-gothic-fonts-20200910-23.fc41.noarch 1721559930 1216723 702751918f6cd4d33af902ac878e0488 installed
urw-base35-nimbus-mono-ps-fonts-20200910-23.fc41.noarch 1721559930 1100338 cfbdd40b0473796de1101cba2280d923 installed
urw-base35-nimbus-roman-fonts-20200910-23.fc41.noarch 1721559930 1429732 7c2acc1b267a89ed74ed62bcce0f19ad installed
urw-base35-nimbus-sans-fonts-20200910-23.fc41.noarch 1721559930 2505850 5a8c61f675daa624656c808651e0f3f8 installed
urw-base35-p052-fonts-20200910-23.fc41.noarch 1721559930 1557220 323007e563f21a9ed03260c0e9f8fd19 installed
urw-base35-standard-symbols-ps-fonts-20200910-23.fc41.noarch 1721559930 66424 1da4b46525a98bb372d6a42b3a080609 installed
urw-base35-z003-fonts-20200910-23.fc41.noarch 1721559930 400137 44cafea642e026df89fb03dc3ded7f55 installed
urw-base35-fonts-20200910-23.fc41.noarch 1721559930 5478 86020af1072754f9e64db108c1bddfcb installed
abattis-cantarell-vf-fonts-0.301-13.fc41.noarch 1721234071 197309 fbe9c627c6d47d6e614f3cd5d2fbcb21 installed
libgcrypt-1.11.0-2.fc41.x86_64 1721344755 1615242 4f02a4e7c2ca7ab9b16cafeefc8cdc3b installed
libksba-1.6.7-2.fc41.x86_64 1721347456 407988 61520316971e9e365032f125c8558906 installed
pcre2-utf32-10.44-1.fc41.1.x86_64 1721381141 575464 4af55b2c66eeef2ae5f3115b63449392 installed
pcre2-utf16-10.44-1.fc41.1.x86_64 1721381141 604232 7301dd44556896f737e95a1d4c1de30e installed
pcre2-devel-10.44-1.fc41.1.x86_64 1721381141 2057710 9d914dca5b1c85484a11b8dec482dc90 installed
kernel-headers-6.10.0-64.fc41.1.x86_64 1721331759 6610290 e0d829989845522d06364b7c2022f938 installed
libverto-devel-0.3.2-9.fc41.x86_64 1721356765 26313 2e43e109603abdbc3358eb4c2dbebe3d installed
libsepol-devel-3.7-2.fc41.x86_64 1721354718 123210 b627015f267c77cef4c7894682bdea4b installed
libselinux-devel-3.7-5.fc41.x86_64 1721354598 129393 478296c243b958f95744e9e198f7a392 installed
libcom_err-devel-1.47.1-3.fc41.x86_64 1721252526 17068 8d59ea974afa186a6ef6485aba5c1f39 installed
keyutils-libs-devel-1.6.3-4.fc41.x86_64 1721331924 49397 0bfd04ce67cafdfc5f5fd732422accbb installed
libseccomp-2.5.5-2.fc41.x86_64 1721354597 177497 036aa43aa33d135bf8d42a1d37224da7 installed
libkadm5-1.21.3-2.fc41.x86_64 1721336338 219294 06760a1b4ad0bd559467a60c5a0cc7f0 installed
krb5-devel-1.21.3-2.fc41.x86_64 1721336338 722865 c47b89c34e17f47b1948cd7ffe5b4c34 installed
glibc-headers-x86-2.39.9000-35.fc41.noarch 1721403051 2325663 85e81a079d5db7ae09df9bcd0e814e7b installed
libxcrypt-devel-4.4.36-7.fc41.x86_64 1721357244 30995 1ccde6f9750acdfd844002f1e74103ac installed
glibc-devel-2.39.9000-35.fc41.x86_64 1721403046 38706 0d297af2f821a041585327c64f962527 installed
p11-kit-devel-0.25.5-3.fc41.x86_64 1721378491 567529 1d4d5304c605dfafbc2c4ce634a25c2a installed
gmp-c++-1:6.3.0-2.fc41.x86_64 1721279826 32520 a308e0adada169ff39d1ccef2d8eb95f installed
gmp-devel-1:6.3.0-2.fc41.x86_64 1721279826 360794 52777db44648318d2a898785e2aad364 installed
nettle-devel-3.10-3.fc41.x86_64 1721369331 1601876 e0cf65508ef25dbba0c23a97f1d88ad8 installed
libzstd-devel-1.5.6-2.fc41.x86_64 1721554794 207277 70d46413c5523284eb9dc45e3dbec5fd installed
libtasn1-tools-4.19.0-9.fc41.x86_64 1721355629 67145 c81ca4b8e9fd0f5801a3e94622691f58 installed
libtasn1-devel-4.19.0-9.fc41.x86_64 1721355629 77922 6d33bc5a45bd2af5de433d8d0e26ea35 installed
libidn2-devel-2.3.7-2.fc41.x86_64 1721345779 258177 f89773be4f8a2a6899a1cb12dd80f99c installed
brotli-1.1.0-5.fc41.x86_64 1721241706 32554 2abc8769dc9462234f0e4978523f592d installed
brotli-devel-1.1.0-5.fc41.x86_64 1721241706 67168 b45ea61f3a292a38234a594cf866f7ae installed
libpaper-1:2.1.1-7.fc41.x86_64 1721351496 50029 adae37f33d2cd69b79194956e4897463 installed
libijs-0.35-23.fc41.x86_64 1721345895 63116 136f22a93e5359a3cee719e629689d15 installed
jbig2dec-libs-0.20-5.fc41.x86_64 1721330034 173088 9a1245600971917d29bec9eca21a920d installed
adobe-mappings-pdf-20190401-8.fc41.noarch 1721234520 4600301 4b387a953602fd4a082686dcee3b22c7 installed
tzdata-2024a-9.fc41.noarch 1721539942 1750440 9c7afda4a4e7e015f766b603696b46df installed
python-pip-wheel-24.1.1-2.fc41.noarch 1721443023 1309504 5c431c25e4243df4122bd77ad0ce5c17 installed
mpdecimal-2.5.1-16.fc41.x86_64 1721366641 209799 4dbd01553070501a7e24d418f052eb27 installed
libb2-0.98.1-12.fc41.x86_64 1721340903 43182 bf777d1c765dac7f0a0d16043cef1cb6 installed
python3-3.13.0~b4-1.fc41.x86_64 1721646040 32579 43914a8f0d559fb33e298ed5f0c189ec installed
python3-libs-3.13.0~b4-1.fc41.x86_64 1721646040 42351252 ea95ef89af8e9f342bf88e542a1ba7ba installed
crypto-policies-scripts-20240717-2.git154fd4e.fc41.noarch 1721247782 336874 ffab3b02a7a06ae705f1f5aea07d5fb3 installed
nss-sysinit-3.101.0-4.fc41.x86_64 1721370371 18608 991eeaf02989ac69287662d04c22fece installed
nss-3.101.0-4.fc41.x86_64 1721370371 1970599 e265b2e35eed57c052841c0b115ec7d0 installed
libevent-devel-2.1.12-14.fc41.x86_64 1721343791 436200 daf1c6ff52ac6f38e19913bcb73db03a installed
protobuf-c-1.5.0-4.fc41.x86_64 1721438820 55280 e8dccfc986cfc65c56512c378e345691 installed
unbound-libs-1.20.0-2.fc41.x86_64 1717744574 1445179 7d2116478f9487848b96a5afe64e2625 installed
gnutls-dane-3.8.6-3.fc41.x86_64 1721283350 67292 ce87df401796f4c148ddf5a09a6068bc installed
gnutls-devel-3.8.6-3.fc41.x86_64 1721283350 5748702 83b41acea2b5dd627e0bfb31c7707d79 installed
libdaemon-0.14-30.fc41.x86_64 1721342462 69935 3ea46c11498bf6878c4bcbfc89a0d10d installed
annobin-docs-12.62-2.fc41.noarch 1721235928 98844 7a30df52253b3a00cc9eadddc1728f3d installed
json-c-0.17-4.fc41.x86_64 1721330831 84356 a8f4aaa8a745314b39eb860cff5b6d12 installed
tpm2-tss-4.1.3-1.fc41.x86_64 1716300993 1618304 6dd239d6cada747590eb46312eb4c445 installed
npth-1.7-2.fc41.x86_64 1721370251 50763 5ddb60af296629784760bb71f76fcb07 installed
gnupg2-2.4.5-3.fc41.x86_64 1721283332 9975597 8d437db730d95e66fc7167e3b0da3c01 installed
gpgme-1.23.2-5.fc41.x86_64 1721325382 593211 2b584ccda306e9751416dddc927f5d60 installed
gpgmepp-1.23.2-5.fc41.x86_64 1721325382 434429 ccb3928c901f0d6e271368a4e637f0ab installed
libXau-1.0.11-7.fc41.x86_64 1721339764 68499 838df88e7d92472d8b40701918917464 installed
libxcb-1.17.0-2.fc41.x86_64 1721357250 1155018 1d6e8bc4cc09ff01470d3b4ed08495b8 installed
libX11-common-1.8.9-2.fc41.noarch 1721339057 1203359 0718d7ec8ba2f76cf570bf5aaca58ac4 installed
libX11-1.8.9-2.fc41.x86_64 1721339045 1338844 bfebaa7c659e10790031d8793298b390 installed
libXext-1.3.6-2.fc41.x86_64 1721340057 92221 a67dd401777be806932a3c6fc9eff36d installed
libXrender-0.9.11-7.fc41.x86_64 1721340055 51343 8558c3c269608247cb10261755beceba installed
libXt-1.3.0-4.fc41.x86_64 1721340053 440193 941395e02293adee34ea68a2410dfe9d installed
dbus-common-1:1.14.10-4.fc41.noarch 1721248762 11504 f9759767d96d81c35d8fa93fb6b0e092 installed
dbus-broker-36-4.fc41.x86_64 1721248733 391979 0e02b64e875e632aca1f1cd0acbe01e5 installed
dbus-1:1.14.10-4.fc41.x86_64 1721248739 0 287c03d0b14afcd793199595fd4d835f installed
systemd-pam-256.2-16.fc41.x86_64 1721536908 1127458 849a96a9f7c071ff3d9b11ef590b9e06 installed
systemd-256.2-16.fc41.x86_64 1721536908 17658402 ff611c852e97ba2ff78b76962986d09e installed
avahi-0.8-29.fc41.x86_64 1721239120 1227258 6c223fe4ae03f378eb17020103dede91 installed
avahi-devel-0.8-29.fc41.x86_64 1721239120 133677 c56287a230730bf8f1da837a7069709d installed
cups-devel-1:2.4.10-2.fc41.x86_64 1721248447 190301 0f4a844d6dacf4e1f6a0b9164e471c2c installed
graphite2-1.3.14-16.fc41.x86_64 1721325685 196599 d9b81b91418b13ea2b461fffbe851d57 installed
google-noto-fonts-common-20240701-2.fc41.noarch 1721325221 17944 59afb70af7ed7fde3911797417360541 installed
google-noto-sans-vf-fonts-20240701-2.fc41.noarch 1721325221 1308528 6f7e5e410296f9f8d01f0f1fc3918ff1 installed
default-fonts-core-sans-4.1-2.fc41.noarch 1721226736 12145 607d469e1731f5aa397a807c09a87cf7 installed
google-droid-sans-fonts-20200215-21.fc41.noarch 1721325125 6554991 682845f24ead136e84f08b26f5275ee3 installed
ncurses-6.5-2.20240629.fc41.x86_64 1721368553 642330 2b0887efcd06ec32d9023ea8765297b3 installed
pixman-0.43.4-2.fc41.x86_64 1721437983 735351 2a3c54145f7d1f116d9bdd907819fa84 installed
poppler-data-0.4.11-8.fc41.noarch 1721438583 12947088 5220e3aec8477233c3cdb67fb0f334d6 installed
groff-base-1.23.0-7.fc41.x86_64 1721325857 4026798 bf5f765f5e869da4a81d4f2933f94ae0 installed
perl-Digest-1.20-511.fc41.noarch 1721401345 36180 57101990bd4167cbc348b1557acf18bd installed
perl-B-0:1.89-510.fc41.x86_64 1721382285 505850 10fe911edeb6d4561f21b8150b45a583 installed
perl-FileHandle-0:2.05-510.fc41.noarch 1721382293 9569 2f64f9b19db1a7bdc9a2153da41728cd installed
perl-Digest-MD5-2.59-5.fc41.x86_64 1721401700 61216 1f61201f6e10860141f43fa6e92b4e72 installed
perl-Data-Dumper-2.189-512.fc41.x86_64 1721398217 114375 bddf5865df00c1afe15083b7f4846c0b installed
perl-libnet-3.15-512.fc41.noarch 1721436770 296305 243036dc6c7e941ebceea14b5b0ea8e1 installed
perl-AutoLoader-0:5.74-510.fc41.noarch 1721382293 21029 6908985d78c6ace7da79067fadd43a91 installed
perl-URI-5.28-2.fc41.noarch 1721435933 246477 b8d50b4791b1af5b7c70dfca22595a3d installed
perl-locale-0:1.12-510.fc41.noarch 1721382293 6653 d9f2fc4074fde3bb5fe24d50b2581290 installed
perl-File-Path-2.18-511.fc41.noarch 1721407837 65045 2fa3cd72704a4bbd994d25cc64834b04 installed
perl-if-0:0.61.000-510.fc41.noarch 1721382293 5948 22dff52265cae6643ad22c816cb94d5c installed
perl-Mozilla-CA-20240313-2.fc41.noarch 1721424405 9731 f7e0c03473f8b3edb1426e087e5b7de6 installed
perl-Time-Local-2:1.350-511.fc41.noarch 1721435564 70605 37765e463d51e086c599adc62f046dc9 installed
perl-Pod-Escapes-1:1.07-511.fc41.noarch 1721439562 25520 51d416bb47608749bf16b08f96c5451f installed
perl-Text-Tabs+Wrap-2024.001-511.fc41.noarch 1721435207 23124 cd1e4e1b75900035d5aeae46728e8c0a installed
perl-IO-Socket-IP-0.42-512.fc41.noarch 1721438411 101040 5ebf2501a22f057d26cfaa984c007587 installed
perl-Net-SSLeay-1.94-6.fc41.x86_64 1721424508 1408290 857729a68e3be451d3a6edef00758d6c installed
perl-IO-Socket-SSL-2.088-2.fc41.noarch 1721421557 717903 4c20330c886ca29861c51e6b78b0e2ec installed
perl-Class-Struct-0:0.68-510.fc41.noarch 1721382293 25968 3cd2db308af21cc3068b30dabc523f9d installed
perl-POSIX-0:2.20-510.fc41.x86_64 1721382285 240793 010f8ea9067047961161ca036db319dd installed
perl-File-Temp-1:0.231.100-511.fc41.noarch 1721438059 166216 fc471ef243374b77823570eb3d05d896 installed
perl-IPC-Open3-0:1.22-510.fc41.noarch 1721382293 22996 16969ab363b9a7f0516a4478569577e8 installed
perl-Term-ANSIColor-5.01-512.fc41.noarch 1721432709 99871 0532735179e0e316ba591469d795cbf3 installed
perl-Term-Cap-1.18-511.fc41.noarch 1721432756 29997 a2b4d7d121476cfec2a91722270f8b16 installed
perl-Pod-Simple-1:3.45-511.fc41.noarch 1721426940 574325 3775a23d128106da0d958e438f832f76 installed
perl-HTTP-Tiny-0.088-512.fc41.noarch 1721421187 155847 912a347cc648cbd79ff4bce48531e2c7 installed
perl-Symbol-0:1.09-510.fc41.noarch 1721382293 6976 cf0aed9e5396d8cca6d5b277ee60b31e installed
perl-SelectSaver-0:1.02-510.fc41.noarch 1721382293 2220 d318a0a4752aeb905d3532cbace324a1 installed
perl-Socket-4:2.038-511.fc41.x86_64 1721430547 127025 e7e49acee71ea8099424aed18d028443 installed
perl-File-stat-0:1.14-510.fc41.noarch 1721382293 12808 4a0dd7d499b6eab863efbba6422ad12c installed
perl-podlators-1:6.0.2-2.fc41.noarch 1721436835 325076 d165839e641405f9fd0f865f3982efc1 installed
perl-Pod-Perldoc-3.28.01-512.fc41.noarch 1721426854 167629 e02c0f64e3d82a07cede523bfe5dda19 installed
perl-Text-ParseWords-3.31-511.fc41.noarch 1721435218 13879 e7c3732ef023f48f10c94600e5d68a2c installed
perl-Fcntl-0:1.18-510.fc41.x86_64 1721382285 46095 13810c082f70a1739efa162d77a76df2 installed
perl-base-0:2.27-510.fc41.noarch 1721382293 12844 b18f35b20add4e105e4a86659a958aec installed
perl-overloading-0:0.02-510.fc41.noarch 1721382293 4961 0e98865491c6c002024eae0aea63772e installed
perl-IO-0:1.55-510.fc41.x86_64 1721382285 154714 88448613dae308fe97e681aa6e25381f installed
perl-mro-0:1.29-510.fc41.x86_64 1721382285 46725 62dfac0e637c16512a3814c4bcf7a181 installed
perl-Pod-Usage-4:2.03-511.fc41.noarch 1721439529 86803 81f0596a702f7364eeae5ead122bc7d3 installed
perl-Errno-0:1.38-510.fc41.x86_64 1721382285 8567 94307a95aa667828c15ecf2763d8ea4d installed
perl-File-Basename-0:2.86-510.fc41.noarch 1721382293 14342 320a3173c20a2ae7f0009e4258630a57 installed
perl-constant-1.33-512.fc41.noarch 1721436708 26875 5204f6fe317a58479efb2e8ba54ddade installed
perl-Scalar-List-Utils-5:1.63-511.fc41.x86_64 1721428842 149117 0b5a8d861a82ef326f3fb70db07504ea installed
perl-parent-1:0.241-511.fc41.noarch 1721436802 9996 b6e1e47f7923f447c502762e59051a67 installed
perl-vars-0:1.05-510.fc41.noarch 1721382293 3960 e395ba2e47a7e3fe15c8b4324886f98b installed
perl-overload-0:1.37-510.fc41.noarch 1721382293 73252 df7ea8783c061dc5fc2918e953572458 installed
perl-MIME-Base64-3.16-511.fc41.x86_64 1721423658 47249 a77d974cc27e85058a9fe39803262dab installed
perl-Getopt-Std-0:1.14-510.fc41.noarch 1721382293 11449 c794fa2e083351cb1f3c12f17dde6a57 installed
perl-Getopt-Long-1:2.58-2.fc41.noarch 1721417702 147953 1e90b79df6ec8653b34b5f57e03125db installed
perl-Storable-1:3.32-511.fc41.x86_64 1721430966 237987 4ea6cf8fa59fe0ba15d19c806dfbdc0b installed
perl-Exporter-5.78-511.fc41.noarch 1721437814 55631 08b3eb41b59efed3da9cba61d12a1e59 installed
perl-PathTools-3.91-511.fc41.x86_64 1721425877 184343 15cfc0de449db578fdf69df48d213554 installed
perl-DynaLoader-0:1.56-510.fc41.x86_64 1721382285 32841 dbd9933d4db147d379d4061136ed3c26 installed
perl-Encode-4:3.21-511.fc41.x86_64 1721404604 4932426 4ed90b44bdcd3acf2a4ba2e5d8cf4047 installed
perl-Carp-1.54-511.fc41.noarch 1721393243 47692 73e248f57b2247f02752b039ad029812 installed
perl-libs-4:5.40.0-510.fc41.x86_64 1721382285 10310844 5cae86d454a9f5d05f9e2bfde9367d25 installed
perl-interpreter-4:5.40.0-510.fc41.x86_64 1721382285 125248 6a6c1b8538907ecbee4d73c560d95fb3 installed
perl-threads-1:2.40-511.fc41.x86_64 1721436792 117908 6795f0a7fa23a525a09d0ae844d2453d installed
perl-threads-shared-1.69-511.fc41.x86_64 1721436774 85744 d6228548d2eb6266cb080a6669d82097 installed
perl-Thread-Queue-3.14-511.fc41.noarch 1721440385 29569 e535b468a3ac46ecb1af6032a5f27895 installed
perl-File-Compare-0:1.100.800-510.fc41.noarch 1721382293 5716 fb34d6a05ade1710e3515c8aebeb1e49 installed
perl-File-Copy-0:2.41-510.fc41.noarch 1721382293 20089 de1bac6f8c263d65eaea219caaea6c60 installed
perl-File-Find-0:1.44-510.fc41.noarch 1721382293 42951 364903fa21a9cb98bcb4ee3145525f27 installed
acl-2.3.2-2.fc41.x86_64 1721234219 229331 322126533785189a71a6b43f22126b4e installed
libwebp-1.4.0-2.fc41.x86_64 1721357079 830201 b820ad71054f0410fa5cfe8cbc5a1d59 installed
liblerc-4.0.0-7.fc41.x86_64 1721347593 622085 b67f7c1793fa9a369d23d1ba75b4cfec installed
jbigkit-libs-2.1-30.fc41.x86_64 1721330088 120423 60f6cb2415f3e3d80b17ad8b65db976f installed
libtiff-4.6.0-3.fc41.x86_64 1721355742 1191539 a8f40111340f50b49a3dd4d1ff906c94 installed
xml-common-0.6.3-65.fc41.noarch 1721531964 80280 f0cb2816b292c24e8b17e08454ac342d installed
cairo-1.18.0-4.fc41.x86_64 1721242627 1825538 0cb2a6057bdd95d6dc10132ff09611c8 installed
harfbuzz-9.0.0-2.fc41.x86_64 1721327060 2825172 452809fc1f7d88bf10d98dc55c76a25a installed
freetype-2.13.2-6.fc41.x86_64 1721260084 871039 1c60c215a4766101bd2730274d7846c6 installed
fontconfig-2.15.0-7.fc41.x86_64 1721259222 786422 fa156fc04671b8b0393972948c968f26 installed
poppler-24.02.0-4.fc41.x86_64 1721438664 3644513 3846eb39dab45085e0755f924956fb56 installed
poppler-cpp-24.02.0-4.fc41.x86_64 1721438664 133238 5a2a10bfb3a035c5ac6e6fedb753abd4 installed
poppler-utils-24.02.0-4.fc41.x86_64 1721438664 798440 4a3c92f58f5dc98347fce40c1695fa19 installed
libgs-10.03.1-3.fc41.x86_64 1721276293 24365297 9c73f86f8ebe1a0d7bcf69c9c094e03e installed
ghostscript-tools-fonts-10.03.1-3.fc41.noarch 1721276286 2527 3fecca3acb214241564efce304ae7a86 installed
ghostscript-tools-printing-10.03.1-3.fc41.noarch 1721276286 3551 fdb2d6d1da240cfab722a89908d59a79 installed
ghostscript-10.03.1-3.fc41.x86_64 1721276293 35710 77df368153a2de4ea3fab3292d2fe5d1 installed
color-filesystem-1-34.fc41.noarch 1721262097 151 880ed2d298c4a70c84843c7e1c10df0e installed
colord-1.4.7-3.fc40.x86_64 1706525272 1706436 c6f49becfbc3560ef64932bbee76317f installed
gettext-envsubst-0.22.5-6.fc41.x86_64 1721264250 76714 f9da494c3cc79d41b88f8c4d16af991d installed
gettext-runtime-0.22.5-6.fc41.x86_64 1721264250 492873 33a27b8e3b855d8533fb22edf5940a05 installed
gettext-0.22.5-6.fc41.x86_64 1721264250 5467249 7c7f6a8fd1522f51c9eabd42c0e9d7d9 installed
libcbor-0.11.0-2.fc41.x86_64 1721341444 75671 f4f60118eac60d886a45c810d9346d24 installed
libfido2-1.15.0-2.fc41.x86_64 1721344152 243928 c94c256e46a46de6c401d50aac44491e installed
libexif-0.6.24-8.fc41.x86_64 1721344101 2549288 141582253245bf28584da7d7458a11bb installed
libcupsfilters-1:2.0.0-8.fc41.x86_64 1721342168 1599034 2b349896a642a84fa87ae34901a59387 installed
cups-1:2.4.10-2.fc41.x86_64 1721248447 8534484 2e0bd73b5354bd31d7e2ce7a14bcb269 installed
libppd-1:2.0.0-5.fc41.x86_64 1721352052 751864 5d8a18cd9d5d446a79f32ce211236874 installed
cups-filters-1:2.0.0-8.fc41.x86_64 1721248031 1071816 6481d898493b3be736c051d1ea485104 installed
libcupsfilters-devel-1:2.0.0-8.fc41.x86_64 1721342168 57837 243037e262ffa7f09a544aa4e2f03db9 installed
openssh-9.6p1-1.fc41.14.x86_64 1721376592 1907814 96b370672d5935f24d24b59bce70e582 installed
libedit-3.1-52.20240517cvs.fc41.x86_64 1721343669 249781 86d18ee7ef00da3f7cf81d8a56a33c8b installed
openssh-clients-9.6p1-1.fc41.14.x86_64 1721376592 2741067 fa1f965cde4abcc7c49e4dc187f5df0d installed
gettext-common-devel-0.22.5-6.fc41.noarch 1721264262 600608 a60ff95be0b2c0fc8328625ef5f7c9a7 installed
less-643-5.fc41.x86_64 1721338980 381543 cbd7f4527af5155eee6e4922dca00bed installed
m4-1.4.19-10.fc41.x86_64 1721361950 607118 00b38d05644cf10eed0a18aa799b575c installed
emacs-filesystem-1:30.0-3.fc41.noarch 1721255081 0 994865410ce7098cd4a703587c4cc0e2 installed
autoconf-2.72-3.fc41.noarch 1721239301 2920383 931efefaa2283f0b6e3a2d975ad51970 installed
automake-1.16.5-17.fc41.noarch 1721239117 1828828 d01047ec63eb2f55b7325415b72a1230 installed
make-1:4.4.1-8.fc41.x86_64 1721677394 1880383 84c982a3c5dbca3a63c63ea7790860dd installed
gcc-14.1.1-7.fc41.x86_64 1719844640 109181608 3a6072f7ddf3d8c6d2e4ffb88c156bff installed
libtool-2.4.7-12.fc41.x86_64 1721356163 2777710 c58503ffc16223de5663bf424f0ad52e installed
annobin-plugin-gcc-12.62-2.fc41.x86_64 1721235926 1000783 60f65f9074ad33e48ee789d0d31430ad installed
gcc-plugin-annobin-14.1.1-7.fc41.x86_64 1719844640 58458 c28f444f0e857bb518a162c6a981d036 installed
git-core-2.45.2-1.fc41.x86_64 1717414986 22956138 f201c3c2e236ad9841f175bf4463b650 installed
gettext-devel-0.22.5-6.fc41.x86_64 1721264250 1024908 3784d8b62162a00ddfe16fa9197c9812 installed
libppd-devel-1:2.0.0-5.fc41.x86_64 1721352052 64690 31f9aed956ef2d529c3ab54586357287 installed
pappl-devel-1.4.6-3.fc41.x86_64 1721379513 751578 79b631af7b2623f46abcbfd6bbc99ecd installed
systemd-rpm-macros-256.2-16.fc41.noarch 1721536917 9574 c591fa9a5ffdfaf035cbeb63a55dd689 installed
pam-devel-1.6.1-4.fc41.x86_64 1719905812 169324 a1cab9b5e5841dd0b4d9c7dfa360252c installed
