==2198== Memcheck, a memory error detector
==2198== Copyright (C) 2002-2022, and GNU GPL'd, by Julian Seward et al.
==2198== Using Valgrind-3.22.0 and LibVEX; rerun with -h for copyright info
==2198== Command: /usr/sbin/legacy-printer-app server
==2198== Parent PID: 1356
==2198== 
==2209== 
==2209== HEAP SUMMARY:
==2209==     in use at exit: 915,443 bytes in 29,364 blocks
==2209==   total heap usage: 31,722 allocs, 2,358 frees, 1,518,640 bytes allocated
==2209== 
==2209== LEAK SUMMARY:
==2209==    definitely lost: 0 bytes in 0 blocks
==2209==    indirectly lost: 0 bytes in 0 blocks
==2209==      possibly lost: 0 bytes in 0 blocks
==2209==    still reachable: 915,443 bytes in 29,364 blocks
==2209==         suppressed: 0 bytes in 0 blocks
==2209== Reachable blocks (those to which a pointer was found) are not shown.
==2209== To see them, rerun with: --leak-check=full --show-leak-kinds=all
==2209== 
==2209== For lists of detected and suppressed errors, rerun with: -s
==2209== ERROR SUMMARY: 0 errors from 0 contexts (suppressed: 0 from 0)
==2211== 
==2211== HEAP SUMMARY:
==2211==     in use at exit: 915,443 bytes in 29,364 blocks
==2211==   total heap usage: 31,724 allocs, 2,360 frees, 1,535,379 bytes allocated
==2211== 
==2211== LEAK SUMMARY:
==2211==    definitely lost: 0 bytes in 0 blocks
==2211==    indirectly lost: 0 bytes in 0 blocks
==2211==      possibly lost: 0 bytes in 0 blocks
==2211==    still reachable: 915,443 bytes in 29,364 blocks
==2211==         suppressed: 0 bytes in 0 blocks
==2211== Reachable blocks (those to which a pointer was found) are not shown.
==2211== To see them, rerun with: --leak-check=full --show-leak-kinds=all
==2211== 
==2211== For lists of detected and suppressed errors, rerun with: -s
==2211== ERROR SUMMARY: 0 errors from 0 contexts (suppressed: 0 from 0)
==2198== Conditional jump or move depends on uninitialised value(s)
==2198==    at 0x484B6D8: strlen (vg_replace_strmem.c:502)
==2198==    by 0x4B114E7: __printf_buffer (vfprintf-process-arg.c:435)
==2198==    by 0x4B35772: __vsnprintf_internal (vsnprintf.c:96)
==2198==    by 0x4BD05AB: __snprintf_chk (snprintf_chk.c:38)
==2198==    by 0x4A55D63: UnknownInlinedFun (stdio2.h:54)
==2198==    by 0x4A55D63: ppdcCatalog::ppdcCatalog(char const*, char const*) (ppdc-catalog.cxx:73)
==2198==    by 0x4A6156F: ppdcSource::get_po(ppdcFile*) (ppdc-source.cxx:1684)
==2198==    by 0x4A61D72: ppdcSource::scan_file(ppdcFile*, ppdcDriver*, bool) (ppdc-source.cxx:2644)
==2198==    by 0x4A636F1: ppdcSource::read_file(char const*, _cups_file_s*) (ppdc-source.cxx:2375)
==2198==    by 0x4A639A4: ppdcSource::ppdcSource(char const*, _cups_file_s*) (ppdc-source.cxx:93)
==2198==    by 0x4A67A4B: UnknownInlinedFun (ppd-collection.cxx:1494)
==2198==    by 0x4A67A4B: load_ppds(char const*, char const*, int, ppd_list_t*, void (*)(void*, cf_loglevel_e, char const*, ...), void*) [clone .constprop.0] (ppd-collection.cxx:2234)
==2198==    by 0x4A195DB: ppdCollectionListPPDs (ppd-collection.cxx:257)
==2198==    by 0x4A96286: _prSetupDriverList (pappl-retrofit.c:3863)
==2198==  Uninitialised value was created by a stack allocation
==2198==    at 0x4A55C2A: ppdcCatalog::ppdcCatalog(char const*, char const*) (ppdc-catalog.cxx:45)
==2198== 
==2198== Thread 3:
==2198== Invalid write of size 8
==2198==    at 0x4889CCE: ippFindAttribute (ipp.c:1908)
==2198==    by 0x5827C29: make_attrs.lto_priv.0 (printer-driver.c:985)
==2198==    by 0x5823304: papplPrinterSetDriverData (printer-driver.c:194)
==2198==    by 0x4A95DCE: _prPrinterUpdateForInstallableOptions (pappl-retrofit.c:3761)
==2198==    by 0x4A96020: _prStatus (pappl-retrofit.c:4423)
==2198==    by 0x581CF80: papplPrinterGetReasons (printer-accessors.c:531)
==2198==    by 0x583286C: _papplPrinterWebIteratorCallback (printer-webif.c:929)
==2198==    by 0x58330E3: _papplPrinterWebHome (printer-webif.c:851)
==2198==    by 0x580FD34: _papplClientProcessHTTP (client.c:376)
==2198==    by 0x580FFEA: _papplClientRun (client.c:668)
==2198==    by 0x4B411F6: start_thread (pthread_create.c:447)
==2198==    by 0x4BC30E3: clone (clone.S:100)
==2198==  Address 0x9d78390 is 32 bytes inside a block of size 72 free'd
==2198==    at 0x4845B2C: free (vg_replace_malloc.c:985)
==2198==    by 0x58232F4: papplPrinterSetDriverData (printer-driver.c:193)
==2198==    by 0x4A95DCE: _prPrinterUpdateForInstallableOptions (pappl-retrofit.c:3761)
==2198==    by 0x4A96020: _prStatus (pappl-retrofit.c:4423)
==2198==    by 0x581CF80: papplPrinterGetReasons (printer-accessors.c:531)
==2198==    by 0x583286C: _papplPrinterWebIteratorCallback (printer-webif.c:929)
==2198==    by 0x58330E3: _papplPrinterWebHome (printer-webif.c:851)
==2198==    by 0x580FD34: _papplClientProcessHTTP (client.c:376)
==2198==    by 0x580FFEA: _papplClientRun (client.c:668)
==2198==    by 0x4B411F6: start_thread (pthread_create.c:447)
==2198==    by 0x4BC30E3: clone (clone.S:100)
==2198==  Block was alloc'd at
==2198==    at 0x4849E60: calloc (vg_replace_malloc.c:1595)
==2198==    by 0x488B2D1: ippNew (ipp.c:2622)
==2198==    by 0x58266E1: make_attrs.lto_priv.0 (printer-driver.c:474)
==2198==    by 0x5823304: papplPrinterSetDriverData (printer-driver.c:194)
==2198==    by 0x5824449: papplPrinterCreate (printer.c:568)
==2198==    by 0x584070A: _papplSystemWebAddPrinter (system-webif.c:475)
==2198==    by 0x580FEAF: _papplClientProcessHTTP (client.c:443)
==2198==    by 0x580FFEA: _papplClientRun (client.c:668)
==2198==    by 0x4B411F6: start_thread (pthread_create.c:447)
==2198==    by 0x4BC30E3: clone (clone.S:100)
==2198== 
==2198== Invalid write of size 4
==2198==    at 0x4889CD6: ippFindAttribute (ipp.c:1909)
==2198==    by 0x5827C29: make_attrs.lto_priv.0 (printer-driver.c:985)
==2198==    by 0x5823304: papplPrinterSetDriverData (printer-driver.c:194)
==2198==    by 0x4A95DCE: _prPrinterUpdateForInstallableOptions (pappl-retrofit.c:3761)
==2198==    by 0x4A96020: _prStatus (pappl-retrofit.c:4423)
==2198==    by 0x581CF80: papplPrinterGetReasons (printer-accessors.c:531)
==2198==    by 0x583286C: _papplPrinterWebIteratorCallback (printer-webif.c:929)
==2198==    by 0x58330E3: _papplPrinterWebHome (printer-webif.c:851)
==2198==    by 0x580FD34: _papplClientProcessHTTP (client.c:376)
==2198==    by 0x580FFEA: _papplClientRun (client.c:668)
==2198==    by 0x4B411F6: start_thread (pthread_create.c:447)
==2198==    by 0x4BC30E3: clone (clone.S:100)
==2198==  Address 0x9d783ac is 60 bytes inside a block of size 72 free'd
==2198==    at 0x4845B2C: free (vg_replace_malloc.c:985)
==2198==    by 0x58232F4: papplPrinterSetDriverData (printer-driver.c:193)
==2198==    by 0x4A95DCE: _prPrinterUpdateForInstallableOptions (pappl-retrofit.c:3761)
==2198==    by 0x4A96020: _prStatus (pappl-retrofit.c:4423)
==2198==    by 0x581CF80: papplPrinterGetReasons (printer-accessors.c:531)
==2198==    by 0x583286C: _papplPrinterWebIteratorCallback (printer-webif.c:929)
==2198==    by 0x58330E3: _papplPrinterWebHome (printer-webif.c:851)
==2198==    by 0x580FD34: _papplClientProcessHTTP (client.c:376)
==2198==    by 0x580FFEA: _papplClientRun (client.c:668)
==2198==    by 0x4B411F6: start_thread (pthread_create.c:447)
==2198==    by 0x4BC30E3: clone (clone.S:100)
==2198==  Block was alloc'd at
==2198==    at 0x4849E60: calloc (vg_replace_malloc.c:1595)
==2198==    by 0x488B2D1: ippNew (ipp.c:2622)
==2198==    by 0x58266E1: make_attrs.lto_priv.0 (printer-driver.c:474)
==2198==    by 0x5823304: papplPrinterSetDriverData (printer-driver.c:194)
==2198==    by 0x5824449: papplPrinterCreate (printer.c:568)
==2198==    by 0x584070A: _papplSystemWebAddPrinter (system-webif.c:475)
==2198==    by 0x580FEAF: _papplClientProcessHTTP (client.c:443)
==2198==    by 0x580FFEA: _papplClientRun (client.c:668)
==2198==    by 0x4B411F6: start_thread (pthread_create.c:447)
==2198==    by 0x4BC30E3: clone (clone.S:100)
==2198== 
==2198== Invalid read of size 4
==2198==    at 0x4889993: ippFindNextAttribute (ipp.c:1946)
==2198==    by 0x5827C29: make_attrs.lto_priv.0 (printer-driver.c:985)
==2198==    by 0x5823304: papplPrinterSetDriverData (printer-driver.c:194)
==2198==    by 0x4A95DCE: _prPrinterUpdateForInstallableOptions (pappl-retrofit.c:3761)
==2198==    by 0x4A96020: _prStatus (pappl-retrofit.c:4423)
==2198==    by 0x581CF80: papplPrinterGetReasons (printer-accessors.c:531)
==2198==    by 0x583286C: _papplPrinterWebIteratorCallback (printer-webif.c:929)
==2198==    by 0x58330E3: _papplPrinterWebHome (printer-webif.c:851)
==2198==    by 0x580FD34: _papplClientProcessHTTP (client.c:376)
==2198==    by 0x580FFEA: _papplClientRun (client.c:668)
==2198==    by 0x4B411F6: start_thread (pthread_create.c:447)
==2198==    by 0x4BC30E3: clone (clone.S:100)
==2198==  Address 0x9d783ac is 60 bytes inside a block of size 72 free'd
==2198==    at 0x4845B2C: free (vg_replace_malloc.c:985)
==2198==    by 0x58232F4: papplPrinterSetDriverData (printer-driver.c:193)
==2198==    by 0x4A95DCE: _prPrinterUpdateForInstallableOptions (pappl-retrofit.c:3761)
==2198==    by 0x4A96020: _prStatus (pappl-retrofit.c:4423)
==2198==    by 0x581CF80: papplPrinterGetReasons (printer-accessors.c:531)
==2198==    by 0x583286C: _papplPrinterWebIteratorCallback (printer-webif.c:929)
==2198==    by 0x58330E3: _papplPrinterWebHome (printer-webif.c:851)
==2198==    by 0x580FD34: _papplClientProcessHTTP (client.c:376)
==2198==    by 0x580FFEA: _papplClientRun (client.c:668)
==2198==    by 0x4B411F6: start_thread (pthread_create.c:447)
==2198==    by 0x4BC30E3: clone (clone.S:100)
==2198==  Block was alloc'd at
==2198==    at 0x4849E60: calloc (vg_replace_malloc.c:1595)
==2198==    by 0x488B2D1: ippNew (ipp.c:2622)
==2198==    by 0x58266E1: make_attrs.lto_priv.0 (printer-driver.c:474)
==2198==    by 0x5823304: papplPrinterSetDriverData (printer-driver.c:194)
==2198==    by 0x5824449: papplPrinterCreate (printer.c:568)
==2198==    by 0x584070A: _papplSystemWebAddPrinter (system-webif.c:475)
==2198==    by 0x580FEAF: _papplClientProcessHTTP (client.c:443)
==2198==    by 0x580FFEA: _papplClientRun (client.c:668)
==2198==    by 0x4B411F6: start_thread (pthread_create.c:447)
==2198==    by 0x4BC30E3: clone (clone.S:100)
==2198== 
==2198== Invalid read of size 8
==2198==    at 0x4889AB0: ippFindNextAttribute (ipp.c:1997)
==2198==    by 0x5827C29: make_attrs.lto_priv.0 (printer-driver.c:985)
==2198==    by 0x5823304: papplPrinterSetDriverData (printer-driver.c:194)
==2198==    by 0x4A95DCE: _prPrinterUpdateForInstallableOptions (pappl-retrofit.c:3761)
==2198==    by 0x4A96020: _prStatus (pappl-retrofit.c:4423)
==2198==    by 0x581CF80: papplPrinterGetReasons (printer-accessors.c:531)
==2198==    by 0x583286C: _papplPrinterWebIteratorCallback (printer-webif.c:929)
==2198==    by 0x58330E3: _papplPrinterWebHome (printer-webif.c:851)
==2198==    by 0x580FD34: _papplClientProcessHTTP (client.c:376)
==2198==    by 0x580FFEA: _papplClientRun (client.c:668)
==2198==    by 0x4B411F6: start_thread (pthread_create.c:447)
==2198==    by 0x4BC30E3: clone (clone.S:100)
==2198==  Address 0x9d78390 is 32 bytes inside a block of size 72 free'd
==2198==    at 0x4845B2C: free (vg_replace_malloc.c:985)
==2198==    by 0x58232F4: papplPrinterSetDriverData (printer-driver.c:193)
==2198==    by 0x4A95DCE: _prPrinterUpdateForInstallableOptions (pappl-retrofit.c:3761)
==2198==    by 0x4A96020: _prStatus (pappl-retrofit.c:4423)
==2198==    by 0x581CF80: papplPrinterGetReasons (printer-accessors.c:531)
==2198==    by 0x583286C: _papplPrinterWebIteratorCallback (printer-webif.c:929)
==2198==    by 0x58330E3: _papplPrinterWebHome (printer-webif.c:851)
==2198==    by 0x580FD34: _papplClientProcessHTTP (client.c:376)
==2198==    by 0x580FFEA: _papplClientRun (client.c:668)
==2198==    by 0x4B411F6: start_thread (pthread_create.c:447)
==2198==    by 0x4BC30E3: clone (clone.S:100)
==2198==  Block was alloc'd at
==2198==    at 0x4849E60: calloc (vg_replace_malloc.c:1595)
==2198==    by 0x488B2D1: ippNew (ipp.c:2622)
==2198==    by 0x58266E1: make_attrs.lto_priv.0 (printer-driver.c:474)
==2198==    by 0x5823304: papplPrinterSetDriverData (printer-driver.c:194)
==2198==    by 0x5824449: papplPrinterCreate (printer.c:568)
==2198==    by 0x584070A: _papplSystemWebAddPrinter (system-webif.c:475)
==2198==    by 0x580FEAF: _papplClientProcessHTTP (client.c:443)
==2198==    by 0x580FFEA: _papplClientRun (client.c:668)
==2198==    by 0x4B411F6: start_thread (pthread_create.c:447)
==2198==    by 0x4BC30E3: clone (clone.S:100)
==2198== 
==2198== Invalid write of size 8
==2198==    at 0x4889C50: ippFindNextAttribute (ipp.c:2004)
==2198==    by 0x5827C29: make_attrs.lto_priv.0 (printer-driver.c:985)
==2198==    by 0x5823304: papplPrinterSetDriverData (printer-driver.c:194)
==2198==    by 0x4A95DCE: _prPrinterUpdateForInstallableOptions (pappl-retrofit.c:3761)
==2198==    by 0x4A96020: _prStatus (pappl-retrofit.c:4423)
==2198==    by 0x581CF80: papplPrinterGetReasons (printer-accessors.c:531)
==2198==    by 0x583286C: _papplPrinterWebIteratorCallback (printer-webif.c:929)
==2198==    by 0x58330E3: _papplPrinterWebHome (printer-webif.c:851)
==2198==    by 0x580FD34: _papplClientProcessHTTP (client.c:376)
==2198==    by 0x580FFEA: _papplClientRun (client.c:668)
==2198==    by 0x4B411F6: start_thread (pthread_create.c:447)
==2198==    by 0x4BC30E3: clone (clone.S:100)
==2198==  Address 0x9d783a0 is 48 bytes inside a block of size 72 free'd
==2198==    at 0x4845B2C: free (vg_replace_malloc.c:985)
==2198==    by 0x58232F4: papplPrinterSetDriverData (printer-driver.c:193)
==2198==    by 0x4A95DCE: _prPrinterUpdateForInstallableOptions (pappl-retrofit.c:3761)
==2198==    by 0x4A96020: _prStatus (pappl-retrofit.c:4423)
==2198==    by 0x581CF80: papplPrinterGetReasons (printer-accessors.c:531)
==2198==    by 0x583286C: _papplPrinterWebIteratorCallback (printer-webif.c:929)
==2198==    by 0x58330E3: _papplPrinterWebHome (printer-webif.c:851)
==2198==    by 0x580FD34: _papplClientProcessHTTP (client.c:376)
==2198==    by 0x580FFEA: _papplClientRun (client.c:668)
==2198==    by 0x4B411F6: start_thread (pthread_create.c:447)
==2198==    by 0x4BC30E3: clone (clone.S:100)
==2198==  Block was alloc'd at
==2198==    at 0x4849E60: calloc (vg_replace_malloc.c:1595)
==2198==    by 0x488B2D1: ippNew (ipp.c:2622)
==2198==    by 0x58266E1: make_attrs.lto_priv.0 (printer-driver.c:474)
==2198==    by 0x5823304: papplPrinterSetDriverData (printer-driver.c:194)
==2198==    by 0x5824449: papplPrinterCreate (printer.c:568)
==2198==    by 0x584070A: _papplSystemWebAddPrinter (system-webif.c:475)
==2198==    by 0x580FEAF: _papplClientProcessHTTP (client.c:443)
==2198==    by 0x580FFEA: _papplClientRun (client.c:668)
==2198==    by 0x4B411F6: start_thread (pthread_create.c:447)
==2198==    by 0x4BC30E3: clone (clone.S:100)
==2198== 
==2198== Invalid read of size 8
==2198==    at 0x4889C59: ippFindNextAttribute (ipp.c:2005)
==2198==    by 0x5827C29: make_attrs.lto_priv.0 (printer-driver.c:985)
==2198==    by 0x5823304: papplPrinterSetDriverData (printer-driver.c:194)
==2198==    by 0x4A95DCE: _prPrinterUpdateForInstallableOptions (pappl-retrofit.c:3761)
==2198==    by 0x4A96020: _prStatus (pappl-retrofit.c:4423)
==2198==    by 0x581CF80: papplPrinterGetReasons (printer-accessors.c:531)
==2198==    by 0x583286C: _papplPrinterWebIteratorCallback (printer-webif.c:929)
==2198==    by 0x58330E3: _papplPrinterWebHome (printer-webif.c:851)
==2198==    by 0x580FD34: _papplClientProcessHTTP (client.c:376)
==2198==    by 0x580FFEA: _papplClientRun (client.c:668)
==2198==    by 0x4B411F6: start_thread (pthread_create.c:447)
==2198==    by 0x4BC30E3: clone (clone.S:100)
==2198==  Address 0x9d78380 is 16 bytes inside a block of size 72 free'd
==2198==    at 0x4845B2C: free (vg_replace_malloc.c:985)
==2198==    by 0x58232F4: papplPrinterSetDriverData (printer-driver.c:193)
==2198==    by 0x4A95DCE: _prPrinterUpdateForInstallableOptions (pappl-retrofit.c:3761)
==2198==    by 0x4A96020: _prStatus (pappl-retrofit.c:4423)
==2198==    by 0x581CF80: papplPrinterGetReasons (printer-accessors.c:531)
==2198==    by 0x583286C: _papplPrinterWebIteratorCallback (printer-webif.c:929)
==2198==    by 0x58330E3: _papplPrinterWebHome (printer-webif.c:851)
==2198==    by 0x580FD34: _papplClientProcessHTTP (client.c:376)
==2198==    by 0x580FFEA: _papplClientRun (client.c:668)
==2198==    by 0x4B411F6: start_thread (pthread_create.c:447)
==2198==    by 0x4BC30E3: clone (clone.S:100)
==2198==  Block was alloc'd at
==2198==    at 0x4849E60: calloc (vg_replace_malloc.c:1595)
==2198==    by 0x488B2D1: ippNew (ipp.c:2622)
==2198==    by 0x58266E1: make_attrs.lto_priv.0 (printer-driver.c:474)
==2198==    by 0x5823304: papplPrinterSetDriverData (printer-driver.c:194)
==2198==    by 0x5824449: papplPrinterCreate (printer.c:568)
==2198==    by 0x584070A: _papplSystemWebAddPrinter (system-webif.c:475)
==2198==    by 0x580FEAF: _papplClientProcessHTTP (client.c:443)
==2198==    by 0x580FFEA: _papplClientRun (client.c:668)
==2198==    by 0x4B411F6: start_thread (pthread_create.c:447)
==2198==    by 0x4BC30E3: clone (clone.S:100)
==2198== 
==2198== Invalid read of size 8
==2198==    at 0x4889B0C: ippFindNextAttribute (ipp.c:2017)
==2198==    by 0x5827C29: make_attrs.lto_priv.0 (printer-driver.c:985)
==2198==    by 0x5823304: papplPrinterSetDriverData (printer-driver.c:194)
==2198==    by 0x4A95DCE: _prPrinterUpdateForInstallableOptions (pappl-retrofit.c:3761)
==2198==    by 0x4A96020: _prStatus (pappl-retrofit.c:4423)
==2198==    by 0x581CF80: papplPrinterGetReasons (printer-accessors.c:531)
==2198==    by 0x583286C: _papplPrinterWebIteratorCallback (printer-webif.c:929)
==2198==    by 0x58330E3: _papplPrinterWebHome (printer-webif.c:851)
==2198==    by 0x580FD34: _papplClientProcessHTTP (client.c:376)
==2198==    by 0x580FFEA: _papplClientRun (client.c:668)
==2198==    by 0x4B411F6: start_thread (pthread_create.c:447)
==2198==    by 0x4BC30E3: clone (clone.S:100)
==2198==  Address 0x9d78410 is 16 bytes inside a block of size 48 free'd
==2198==    at 0x4845B2C: free (vg_replace_malloc.c:985)
==2198==    by 0x4889549: UnknownInlinedFun (ipp.c:1760)
==2198==    by 0x4889549: ippDelete (ipp.c:1729)
==2198==    by 0x58232F4: papplPrinterSetDriverData (printer-driver.c:193)
==2198==    by 0x4A95DCE: _prPrinterUpdateForInstallableOptions (pappl-retrofit.c:3761)
==2198==    by 0x4A96020: _prStatus (pappl-retrofit.c:4423)
==2198==    by 0x581CF80: papplPrinterGetReasons (printer-accessors.c:531)
==2198==    by 0x583286C: _papplPrinterWebIteratorCallback (printer-webif.c:929)
==2198==    by 0x58330E3: _papplPrinterWebHome (printer-webif.c:851)
==2198==    by 0x580FD34: _papplClientProcessHTTP (client.c:376)
==2198==    by 0x580FFEA: _papplClientRun (client.c:668)
==2198==    by 0x4B411F6: start_thread (pthread_create.c:447)
==2198==    by 0x4BC30E3: clone (clone.S:100)
==2198==  Block was alloc'd at
==2198==    at 0x4849E60: calloc (vg_replace_malloc.c:1595)
==2198==    by 0x48866DB: ipp_add_attr (ipp.c:6173)
==2198==    by 0x4887BE9: ippAddBoolean (ipp.c:134)
==2198==    by 0x5826708: make_attrs.lto_priv.0 (printer-driver.c:478)
==2198==    by 0x5823304: papplPrinterSetDriverData (printer-driver.c:194)
==2198==    by 0x5824449: papplPrinterCreate (printer.c:568)
==2198==    by 0x584070A: _papplSystemWebAddPrinter (system-webif.c:475)
==2198==    by 0x580FEAF: _papplClientProcessHTTP (client.c:443)
==2198==    by 0x580FFEA: _papplClientRun (client.c:668)
==2198==    by 0x4B411F6: start_thread (pthread_create.c:447)
==2198==    by 0x4BC30E3: clone (clone.S:100)
==2198== 
==2198== Invalid read of size 4
==2198==    at 0x4889B59: ippFindNextAttribute (ipp.c:2012)
==2198==    by 0x5827C29: make_attrs.lto_priv.0 (printer-driver.c:985)
==2198==    by 0x5823304: papplPrinterSetDriverData (printer-driver.c:194)
==2198==    by 0x4A95DCE: _prPrinterUpdateForInstallableOptions (pappl-retrofit.c:3761)
==2198==    by 0x4A96020: _prStatus (pappl-retrofit.c:4423)
==2198==    by 0x581CF80: papplPrinterGetReasons (printer-accessors.c:531)
==2198==    by 0x583286C: _papplPrinterWebIteratorCallback (printer-webif.c:929)
==2198==    by 0x58330E3: _papplPrinterWebHome (printer-webif.c:851)
==2198==    by 0x580FD34: _papplClientProcessHTTP (client.c:376)
==2198==    by 0x580FFEA: _papplClientRun (client.c:668)
==2198==    by 0x4B411F6: start_thread (pthread_create.c:447)
==2198==    by 0x4BC30E3: clone (clone.S:100)
==2198==  Address 0x9d7840c is 12 bytes inside a block of size 48 free'd
==2198==    at 0x4845B2C: free (vg_replace_malloc.c:985)
==2198==    by 0x4889549: UnknownInlinedFun (ipp.c:1760)
==2198==    by 0x4889549: ippDelete (ipp.c:1729)
==2198==    by 0x58232F4: papplPrinterSetDriverData (printer-driver.c:193)
==2198==    by 0x4A95DCE: _prPrinterUpdateForInstallableOptions (pappl-retrofit.c:3761)
==2198==    by 0x4A96020: _prStatus (pappl-retrofit.c:4423)
==2198==    by 0x581CF80: papplPrinterGetReasons (printer-accessors.c:531)
==2198==    by 0x583286C: _papplPrinterWebIteratorCallback (printer-webif.c:929)
==2198==    by 0x58330E3: _papplPrinterWebHome (printer-webif.c:851)
==2198==    by 0x580FD34: _papplClientProcessHTTP (client.c:376)
==2198==    by 0x580FFEA: _papplClientRun (client.c:668)
==2198==    by 0x4B411F6: start_thread (pthread_create.c:447)
==2198==    by 0x4BC30E3: clone (clone.S:100)
==2198==  Block was alloc'd at
==2198==    at 0x4849E60: calloc (vg_replace_malloc.c:1595)
==2198==    by 0x48866DB: ipp_add_attr (ipp.c:6173)
==2198==    by 0x4887BE9: ippAddBoolean (ipp.c:134)
==2198==    by 0x5826708: make_attrs.lto_priv.0 (printer-driver.c:478)
==2198==    by 0x5823304: papplPrinterSetDriverData (printer-driver.c:194)
==2198==    by 0x5824449: papplPrinterCreate (printer.c:568)
==2198==    by 0x584070A: _papplSystemWebAddPrinter (system-webif.c:475)
==2198==    by 0x580FEAF: _papplClientProcessHTTP (client.c:443)
==2198==    by 0x580FFEA: _papplClientRun (client.c:668)
==2198==    by 0x4B411F6: start_thread (pthread_create.c:447)
==2198==    by 0x4BC30E3: clone (clone.S:100)
==2198== 
==2198== Invalid write of size 8
==2198==    at 0x4889B38: ippFindNextAttribute (ipp.c:2008)
==2198==    by 0x5827C29: make_attrs.lto_priv.0 (printer-driver.c:985)
==2198==    by 0x5823304: papplPrinterSetDriverData (printer-driver.c:194)
==2198==    by 0x4A95DCE: _prPrinterUpdateForInstallableOptions (pappl-retrofit.c:3761)
==2198==    by 0x4A96020: _prStatus (pappl-retrofit.c:4423)
==2198==    by 0x581CF80: papplPrinterGetReasons (printer-accessors.c:531)
==2198==    by 0x583286C: _papplPrinterWebIteratorCallback (printer-webif.c:929)
==2198==    by 0x58330E3: _papplPrinterWebHome (printer-webif.c:851)
==2198==    by 0x580FD34: _papplClientProcessHTTP (client.c:376)
==2198==    by 0x580FFEA: _papplClientRun (client.c:668)
==2198==    by 0x4B411F6: start_thread (pthread_create.c:447)
==2198==    by 0x4BC30E3: clone (clone.S:100)
==2198==  Address 0x9d783a0 is 48 bytes inside a block of size 72 free'd
==2198==    at 0x4845B2C: free (vg_replace_malloc.c:985)
==2198==    by 0x58232F4: papplPrinterSetDriverData (printer-driver.c:193)
==2198==    by 0x4A95DCE: _prPrinterUpdateForInstallableOptions (pappl-retrofit.c:3761)
==2198==    by 0x4A96020: _prStatus (pappl-retrofit.c:4423)
==2198==    by 0x581CF80: papplPrinterGetReasons (printer-accessors.c:531)
==2198==    by 0x583286C: _papplPrinterWebIteratorCallback (printer-webif.c:929)
==2198==    by 0x58330E3: _papplPrinterWebHome (printer-webif.c:851)
==2198==    by 0x580FD34: _papplClientProcessHTTP (client.c:376)
==2198==    by 0x580FFEA: _papplClientRun (client.c:668)
==2198==    by 0x4B411F6: start_thread (pthread_create.c:447)
==2198==    by 0x4BC30E3: clone (clone.S:100)
==2198==  Block was alloc'd at
==2198==    at 0x4849E60: calloc (vg_replace_malloc.c:1595)
==2198==    by 0x488B2D1: ippNew (ipp.c:2622)
==2198==    by 0x58266E1: make_attrs.lto_priv.0 (printer-driver.c:474)
==2198==    by 0x5823304: papplPrinterSetDriverData (printer-driver.c:194)
==2198==    by 0x5824449: papplPrinterCreate (printer.c:568)
==2198==    by 0x584070A: _papplSystemWebAddPrinter (system-webif.c:475)
==2198==    by 0x580FEAF: _papplClientProcessHTTP (client.c:443)
==2198==    by 0x580FFEA: _papplClientRun (client.c:668)
==2198==    by 0x4B411F6: start_thread (pthread_create.c:447)
==2198==    by 0x4BC30E3: clone (clone.S:100)
==2198== 
==2198== Invalid read of size 8
==2198==    at 0x4889B3D: ippFindNextAttribute (ipp.c:2008)
==2198==    by 0x5827C29: make_attrs.lto_priv.0 (printer-driver.c:985)
==2198==    by 0x5823304: papplPrinterSetDriverData (printer-driver.c:194)
==2198==    by 0x4A95DCE: _prPrinterUpdateForInstallableOptions (pappl-retrofit.c:3761)
==2198==    by 0x4A96020: _prStatus (pappl-retrofit.c:4423)
==2198==    by 0x581CF80: papplPrinterGetReasons (printer-accessors.c:531)
==2198==    by 0x583286C: _papplPrinterWebIteratorCallback (printer-webif.c:929)
==2198==    by 0x58330E3: _papplPrinterWebHome (printer-webif.c:851)
==2198==    by 0x580FD34: _papplClientProcessHTTP (client.c:376)
==2198==    by 0x580FFEA: _papplClientRun (client.c:668)
==2198==    by 0x4B411F6: start_thread (pthread_create.c:447)
==2198==    by 0x4BC30E3: clone (clone.S:100)
==2198==  Address 0x9d78400 is 0 bytes inside a block of size 48 free'd
==2198==    at 0x4845B2C: free (vg_replace_malloc.c:985)
==2198==    by 0x4889549: UnknownInlinedFun (ipp.c:1760)
==2198==    by 0x4889549: ippDelete (ipp.c:1729)
==2198==    by 0x58232F4: papplPrinterSetDriverData (printer-driver.c:193)
==2198==    by 0x4A95DCE: _prPrinterUpdateForInstallableOptions (pappl-retrofit.c:3761)
==2198==    by 0x4A96020: _prStatus (pappl-retrofit.c:4423)
==2198==    by 0x581CF80: papplPrinterGetReasons (printer-accessors.c:531)
==2198==    by 0x583286C: _papplPrinterWebIteratorCallback (printer-webif.c:929)
==2198==    by 0x58330E3: _papplPrinterWebHome (printer-webif.c:851)
==2198==    by 0x580FD34: _papplClientProcessHTTP (client.c:376)
==2198==    by 0x580FFEA: _papplClientRun (client.c:668)
==2198==    by 0x4B411F6: start_thread (pthread_create.c:447)
==2198==    by 0x4BC30E3: clone (clone.S:100)
==2198==  Block was alloc'd at
==2198==    at 0x4849E60: calloc (vg_replace_malloc.c:1595)
==2198==    by 0x48866DB: ipp_add_attr (ipp.c:6173)
==2198==    by 0x4887BE9: ippAddBoolean (ipp.c:134)
==2198==    by 0x5826708: make_attrs.lto_priv.0 (printer-driver.c:478)
==2198==    by 0x5823304: papplPrinterSetDriverData (printer-driver.c:194)
==2198==    by 0x5824449: papplPrinterCreate (printer.c:568)
==2198==    by 0x584070A: _papplSystemWebAddPrinter (system-webif.c:475)
==2198==    by 0x580FEAF: _papplClientProcessHTTP (client.c:443)
==2198==    by 0x580FFEA: _papplClientRun (client.c:668)
==2198==    by 0x4B411F6: start_thread (pthread_create.c:447)
==2198==    by 0x4BC30E3: clone (clone.S:100)
==2198== 
==2198== Invalid read of size 8
==2198==    at 0x4889B49: ippFindNextAttribute (ipp.c:2014)
==2198==    by 0x5827C29: make_attrs.lto_priv.0 (printer-driver.c:985)
==2198==    by 0x5823304: papplPrinterSetDriverData (printer-driver.c:194)
==2198==    by 0x4A95DCE: _prPrinterUpdateForInstallableOptions (pappl-retrofit.c:3761)
==2198==    by 0x4A96020: _prStatus (pappl-retrofit.c:4423)
==2198==    by 0x581CF80: papplPrinterGetReasons (printer-accessors.c:531)
==2198==    by 0x583286C: _papplPrinterWebIteratorCallback (printer-webif.c:929)
==2198==    by 0x58330E3: _papplPrinterWebHome (printer-webif.c:851)
==2198==    by 0x580FD34: _papplClientProcessHTTP (client.c:376)
==2198==    by 0x580FFEA: _papplClientRun (client.c:668)
==2198==    by 0x4B411F6: start_thread (pthread_create.c:447)
==2198==    by 0x4BC30E3: clone (clone.S:100)
==2198==  Address 0x9d784e0 is 16 bytes inside a block of size 48 free'd
==2198==    at 0x4845B2C: free (vg_replace_malloc.c:985)
==2198==    by 0x4889549: UnknownInlinedFun (ipp.c:1760)
==2198==    by 0x4889549: ippDelete (ipp.c:1729)
==2198==    by 0x58232F4: papplPrinterSetDriverData (printer-driver.c:193)
==2198==    by 0x4A95DCE: _prPrinterUpdateForInstallableOptions (pappl-retrofit.c:3761)
==2198==    by 0x4A96020: _prStatus (pappl-retrofit.c:4423)
==2198==    by 0x581CF80: papplPrinterGetReasons (printer-accessors.c:531)
==2198==    by 0x583286C: _papplPrinterWebIteratorCallback (printer-webif.c:929)
==2198==    by 0x58330E3: _papplPrinterWebHome (printer-webif.c:851)
==2198==    by 0x580FD34: _papplClientProcessHTTP (client.c:376)
==2198==    by 0x580FFEA: _papplClientRun (client.c:668)
==2198==    by 0x4B411F6: start_thread (pthread_create.c:447)
==2198==    by 0x4BC30E3: clone (clone.S:100)
==2198==  Block was alloc'd at
==2198==    at 0x4849E60: calloc (vg_replace_malloc.c:1595)
==2198==    by 0x48866DB: ipp_add_attr (ipp.c:6173)
==2198==    by 0x48884FE: ippAddString (ipp.c:930)
==2198==    by 0x5826873: make_attrs.lto_priv.0 (printer-driver.c:510)
==2198==    by 0x5823304: papplPrinterSetDriverData (printer-driver.c:194)
==2198==    by 0x5824449: papplPrinterCreate (printer.c:568)
==2198==    by 0x584070A: _papplSystemWebAddPrinter (system-webif.c:475)
==2198==    by 0x580FEAF: _papplClientProcessHTTP (client.c:443)
==2198==    by 0x580FFEA: _papplClientRun (client.c:668)
==2198==    by 0x4B411F6: start_thread (pthread_create.c:447)
==2198==    by 0x4BC30E3: clone (clone.S:100)
==2198== 
==2198== Invalid write of size 8
==2198==    at 0x4889B7B: ippFindNextAttribute (ipp.c:2019)
==2198==    by 0x5827C29: make_attrs.lto_priv.0 (printer-driver.c:985)
==2198==    by 0x5823304: papplPrinterSetDriverData (printer-driver.c:194)
==2198==    by 0x4A95DCE: _prPrinterUpdateForInstallableOptions (pappl-retrofit.c:3761)
==2198==    by 0x4A96020: _prStatus (pappl-retrofit.c:4423)
==2198==    by 0x581CF80: papplPrinterGetReasons (printer-accessors.c:531)
==2198==    by 0x583286C: _papplPrinterWebIteratorCallback (printer-webif.c:929)
==2198==    by 0x58330E3: _papplPrinterWebHome (printer-webif.c:851)
==2198==    by 0x580FD34: _papplClientProcessHTTP (client.c:376)
==2198==    by 0x580FFEA: _papplClientRun (client.c:668)
==2198==    by 0x4B411F6: start_thread (pthread_create.c:447)
==2198==    by 0x4BC30E3: clone (clone.S:100)
==2198==  Address 0x9d78390 is 32 bytes inside a block of size 72 free'd
==2198==    at 0x4845B2C: free (vg_replace_malloc.c:985)
==2198==    by 0x58232F4: papplPrinterSetDriverData (printer-driver.c:193)
==2198==    by 0x4A95DCE: _prPrinterUpdateForInstallableOptions (pappl-retrofit.c:3761)
==2198==    by 0x4A96020: _prStatus (pappl-retrofit.c:4423)
==2198==    by 0x581CF80: papplPrinterGetReasons (printer-accessors.c:531)
==2198==    by 0x583286C: _papplPrinterWebIteratorCallback (printer-webif.c:929)
==2198==    by 0x58330E3: _papplPrinterWebHome (printer-webif.c:851)
==2198==    by 0x580FD34: _papplClientProcessHTTP (client.c:376)
==2198==    by 0x580FFEA: _papplClientRun (client.c:668)
==2198==    by 0x4B411F6: start_thread (pthread_create.c:447)
==2198==    by 0x4BC30E3: clone (clone.S:100)
==2198==  Block was alloc'd at
==2198==    at 0x4849E60: calloc (vg_replace_malloc.c:1595)
==2198==    by 0x488B2D1: ippNew (ipp.c:2622)
==2198==    by 0x58266E1: make_attrs.lto_priv.0 (printer-driver.c:474)
==2198==    by 0x5823304: papplPrinterSetDriverData (printer-driver.c:194)
==2198==    by 0x5824449: papplPrinterCreate (printer.c:568)
==2198==    by 0x584070A: _papplSystemWebAddPrinter (system-webif.c:475)
==2198==    by 0x580FEAF: _papplClientProcessHTTP (client.c:443)
==2198==    by 0x580FFEA: _papplClientRun (client.c:668)
==2198==    by 0x4B411F6: start_thread (pthread_create.c:447)
==2198==    by 0x4BC30E3: clone (clone.S:100)
==2198== 
==2198== Invalid read of size 4
==2198==    at 0x4889D89: ippGetCount (ipp.c:2150)
==2198==    by 0x5827C38: make_attrs.lto_priv.0 (printer-driver.c:986)
==2198==    by 0x5823304: papplPrinterSetDriverData (printer-driver.c:194)
==2198==    by 0x4A95DCE: _prPrinterUpdateForInstallableOptions (pappl-retrofit.c:3761)
==2198==    by 0x4A96020: _prStatus (pappl-retrofit.c:4423)
==2198==    by 0x581CF80: papplPrinterGetReasons (printer-accessors.c:531)
==2198==    by 0x583286C: _papplPrinterWebIteratorCallback (printer-webif.c:929)
==2198==    by 0x58330E3: _papplPrinterWebHome (printer-webif.c:851)
==2198==    by 0x580FD34: _papplClientProcessHTTP (client.c:376)
==2198==    by 0x580FFEA: _papplClientRun (client.c:668)
==2198==    by 0x4B411F6: start_thread (pthread_create.c:447)
==2198==    by 0x4BC30E3: clone (clone.S:100)
==2198==  Address 0x9d785c8 is 24 bytes inside a block of size 160 free'd
==2198==    at 0x4845B2C: free (vg_replace_malloc.c:985)
==2198==    by 0x4889549: UnknownInlinedFun (ipp.c:1760)
==2198==    by 0x4889549: ippDelete (ipp.c:1729)
==2198==    by 0x58232F4: papplPrinterSetDriverData (printer-driver.c:193)
==2198==    by 0x4A95DCE: _prPrinterUpdateForInstallableOptions (pappl-retrofit.c:3761)
==2198==    by 0x4A96020: _prStatus (pappl-retrofit.c:4423)
==2198==    by 0x581CF80: papplPrinterGetReasons (printer-accessors.c:531)
==2198==    by 0x583286C: _papplPrinterWebIteratorCallback (printer-webif.c:929)
==2198==    by 0x58330E3: _papplPrinterWebHome (printer-webif.c:851)
==2198==    by 0x580FD34: _papplClientProcessHTTP (client.c:376)
==2198==    by 0x580FFEA: _papplClientRun (client.c:668)
==2198==    by 0x4B411F6: start_thread (pthread_create.c:447)
==2198==    by 0x4BC30E3: clone (clone.S:100)
==2198==  Block was alloc'd at
==2198==    at 0x4849E60: calloc (vg_replace_malloc.c:1595)
==2198==    by 0x48866DB: ipp_add_attr (ipp.c:6173)
==2198==    by 0x4888AB2: ippAddStrings (ipp.c:1276)
==2198==    by 0x58268A5: make_attrs.lto_priv.0 (printer-driver.c:512)
==2198==    by 0x5823304: papplPrinterSetDriverData (printer-driver.c:194)
==2198==    by 0x5824449: papplPrinterCreate (printer.c:568)
==2198==    by 0x584070A: _papplSystemWebAddPrinter (system-webif.c:475)
==2198==    by 0x580FEAF: _papplClientProcessHTTP (client.c:443)
==2198==    by 0x580FFEA: _papplClientRun (client.c:668)
==2198==    by 0x4B411F6: start_thread (pthread_create.c:447)
==2198==    by 0x4BC30E3: clone (clone.S:100)
==2198== 
==2198== 
==2198== HEAP SUMMARY:
==2198==     in use at exit: 503,794 bytes in 13,104 blocks
==2198==   total heap usage: 154,745 allocs, 141,641 frees, 8,001,757 bytes allocated
==2198== 
==2198== Thread 1:
==2198== 5 bytes in 1 blocks are definitely lost in loss record 6 of 189
==2198==    at 0x484280F: malloc (vg_replace_malloc.c:442)
==2198==    by 0x4B580BE: strdup (strdup.c:42)
==2198==    by 0x4A0DA6E: ppdCacheCreateWithPPD (ppd-cache.c:1959)
==2198==    by 0x4A949F7: _prDriverSetup (pappl-retrofit.c:1306)
==2198==    by 0x5824417: papplPrinterCreate (printer.c:561)
==2198==    by 0x584070A: _papplSystemWebAddPrinter (system-webif.c:475)
==2198==    by 0x580FEAF: _papplClientProcessHTTP (client.c:443)
==2198==    by 0x580FFEA: _papplClientRun (client.c:668)
==2198==    by 0x4B411F6: start_thread (pthread_create.c:447)
==2198==    by 0x4BC30E3: clone (clone.S:100)
==2198== 
==2198== 5 bytes in 1 blocks are definitely lost in loss record 7 of 189
==2198==    at 0x484280F: malloc (vg_replace_malloc.c:442)
==2198==    by 0x4B580BE: strdup (strdup.c:42)
==2198==    by 0x4A918F1: _prDriverSetup (pappl-retrofit.c:2046)
==2198==    by 0x5824417: papplPrinterCreate (printer.c:561)
==2198==    by 0x584070A: _papplSystemWebAddPrinter (system-webif.c:475)
==2198==    by 0x580FEAF: _papplClientProcessHTTP (client.c:443)
==2198==    by 0x580FFEA: _papplClientRun (client.c:668)
==2198==    by 0x4B411F6: start_thread (pthread_create.c:447)
==2198==    by 0x4BC30E3: clone (clone.S:100)
==2198== 
==2198== 7 bytes in 1 blocks are definitely lost in loss record 11 of 189
==2198==    at 0x484280F: malloc (vg_replace_malloc.c:442)
==2198==    by 0x4B580BE: strdup (strdup.c:42)
==2198==    by 0x4A0D96B: ppdCacheCreateWithPPD (ppd-cache.c:1950)
==2198==    by 0x4A949F7: _prDriverSetup (pappl-retrofit.c:1306)
==2198==    by 0x5824417: papplPrinterCreate (printer.c:561)
==2198==    by 0x584070A: _papplSystemWebAddPrinter (system-webif.c:475)
==2198==    by 0x580FEAF: _papplClientProcessHTTP (client.c:443)
==2198==    by 0x580FFEA: _papplClientRun (client.c:668)
==2198==    by 0x4B411F6: start_thread (pthread_create.c:447)
==2198==    by 0x4BC30E3: clone (clone.S:100)
==2198== 
==2198== 13 bytes in 1 blocks are definitely lost in loss record 20 of 189
==2198==    at 0x484280F: malloc (vg_replace_malloc.c:442)
==2198==    by 0x4B580BE: strdup (strdup.c:42)
==2198==    by 0x4A0E8BF: ppdCacheCreateWithPPD (ppd-cache.c:1969)
==2198==    by 0x4A949F7: _prDriverSetup (pappl-retrofit.c:1306)
==2198==    by 0x5824417: papplPrinterCreate (printer.c:561)
==2198==    by 0x584070A: _papplSystemWebAddPrinter (system-webif.c:475)
==2198==    by 0x580FEAF: _papplClientProcessHTTP (client.c:443)
==2198==    by 0x580FFEA: _papplClientRun (client.c:668)
==2198==    by 0x4B411F6: start_thread (pthread_create.c:447)
==2198==    by 0x4BC30E3: clone (clone.S:100)
==2198== 
==2198== 15 bytes in 1 blocks are definitely lost in loss record 21 of 189
==2198==    at 0x484280F: malloc (vg_replace_malloc.c:442)
==2198==    by 0x4B580BE: strdup (strdup.c:42)
==2198==    by 0x4A0E867: ppdCacheCreateWithPPD (ppd-cache.c:1964)
==2198==    by 0x4A949F7: _prDriverSetup (pappl-retrofit.c:1306)
==2198==    by 0x5824417: papplPrinterCreate (printer.c:561)
==2198==    by 0x584070A: _papplSystemWebAddPrinter (system-webif.c:475)
==2198==    by 0x580FEAF: _papplClientProcessHTTP (client.c:443)
==2198==    by 0x580FFEA: _papplClientRun (client.c:668)
==2198==    by 0x4B411F6: start_thread (pthread_create.c:447)
==2198==    by 0x4BC30E3: clone (clone.S:100)
==2198== 
==2198== 64 bytes in 1 blocks are definitely lost in loss record 99 of 189
==2198==    at 0x4849E60: calloc (vg_replace_malloc.c:1595)
==2198==    by 0x4A963FF: _prSetupDriverList (pappl-retrofit.c:3927)
==2198==    by 0x4A9A63D: _prSetup (pappl-retrofit.c:4328)
==2198==    by 0x4A9AB17: _prSystemCB (pappl-retrofit.c:4748)
==2198==    by 0x581EFE6: _papplMainloopRunServer (mainloop-subcommands.c:652)
==2198==    by 0x582256D: papplMainloop (mainloop.c:452)
==2198==    by 0x4A8EC87: prRetroFitPrinterApp (pappl-retrofit.c:56)
==2198==    by 0x109377: main (legacy-printer-app.c:188)
==2198== 
==2198== 78 bytes in 2 blocks are definitely lost in loss record 104 of 189
==2198==    at 0x484280F: malloc (vg_replace_malloc.c:442)
==2198==    by 0x4B580BE: strdup (strdup.c:42)
==2198==    by 0x4A9693D: _prSetupDriverList (pappl-retrofit.c:4155)
==2198==    by 0x4A9A63D: _prSetup (pappl-retrofit.c:4328)
==2198==    by 0x4A9AB17: _prSystemCB (pappl-retrofit.c:4748)
==2198==    by 0x581EFE6: _papplMainloopRunServer (mainloop-subcommands.c:652)
==2198==    by 0x582256D: papplMainloop (mainloop.c:452)
==2198==    by 0x4A8EC87: prRetroFitPrinterApp (pappl-retrofit.c:56)
==2198==    by 0x109377: main (legacy-printer-app.c:188)
==2198== 
==2198== 78 bytes in 2 blocks are definitely lost in loss record 105 of 189
==2198==    at 0x484280F: malloc (vg_replace_malloc.c:442)
==2198==    by 0x4B580BE: strdup (strdup.c:42)
==2198==    by 0x4A96C74: _prSetupDriverList (pappl-retrofit.c:4168)
==2198==    by 0x4A9A63D: _prSetup (pappl-retrofit.c:4328)
==2198==    by 0x4A9AB17: _prSystemCB (pappl-retrofit.c:4748)
==2198==    by 0x581EFE6: _papplMainloopRunServer (mainloop-subcommands.c:652)
==2198==    by 0x582256D: papplMainloop (mainloop.c:452)
==2198==    by 0x4A8EC87: prRetroFitPrinterApp (pappl-retrofit.c:56)
==2198==    by 0x109377: main (legacy-printer-app.c:188)
==2198== 
==2198== 82 bytes in 2 blocks are definitely lost in loss record 112 of 189
==2198==    at 0x484280F: malloc (vg_replace_malloc.c:442)
==2198==    by 0x4B580BE: strdup (strdup.c:42)
==2198==    by 0x4A969C4: _prSetupDriverList (pappl-retrofit.c:4175)
==2198==    by 0x4A9A63D: _prSetup (pappl-retrofit.c:4328)
==2198==    by 0x4A9AB17: _prSystemCB (pappl-retrofit.c:4748)
==2198==    by 0x581EFE6: _papplMainloopRunServer (mainloop-subcommands.c:652)
==2198==    by 0x582256D: papplMainloop (mainloop.c:452)
==2198==    by 0x4A8EC87: prRetroFitPrinterApp (pappl-retrofit.c:56)
==2198==    by 0x109377: main (legacy-printer-app.c:188)
==2198== 
==2198== 98 bytes in 2 blocks are definitely lost in loss record 120 of 189
==2198==    at 0x484280F: malloc (vg_replace_malloc.c:442)
==2198==    by 0x4B580BE: strdup (strdup.c:42)
==2198==    by 0x4A96D6C: _prSetupDriverList (pappl-retrofit.c:4108)
==2198==    by 0x4A9A63D: _prSetup (pappl-retrofit.c:4328)
==2198==    by 0x4A9AB17: _prSystemCB (pappl-retrofit.c:4748)
==2198==    by 0x581EFE6: _papplMainloopRunServer (mainloop-subcommands.c:652)
==2198==    by 0x582256D: papplMainloop (mainloop.c:452)
==2198==    by 0x4A8EC87: prRetroFitPrinterApp (pappl-retrofit.c:56)
==2198==    by 0x109377: main (legacy-printer-app.c:188)
==2198== 
==2198== 151 bytes in 1 blocks are definitely lost in loss record 125 of 189
==2198==    at 0x484280F: malloc (vg_replace_malloc.c:442)
==2198==    by 0x4B580BE: strdup (strdup.c:42)
==2198==    by 0x5839BB0: UnknownInlinedFun (system-accessors.c:1675)
==2198==    by 0x5839BB0: papplSystemSetFooterHTML (system-accessors.c:1666)
==2198==    by 0x4A9AB3E: _prSystemCB (pappl-retrofit.c:4754)
==2198==    by 0x581EFE6: _papplMainloopRunServer (mainloop-subcommands.c:652)
==2198==    by 0x582256D: papplMainloop (mainloop.c:452)
==2198==    by 0x4A8EC87: prRetroFitPrinterApp (pappl-retrofit.c:56)
==2198==    by 0x109377: main (legacy-printer-app.c:188)
==2198== 
==2198== 424 (216 direct, 208 indirect) bytes in 1 blocks are definitely lost in loss record 155 of 189
==2198==    at 0x4849E60: calloc (vg_replace_malloc.c:1595)
==2198==    by 0x4870005: cupsArrayNew3 (array.c:742)
==2198==    by 0x4A9A59E: _prSetup (pappl-retrofit.c:4284)
==2198==    by 0x4A9AB17: _prSystemCB (pappl-retrofit.c:4748)
==2198==    by 0x581EFE6: _papplMainloopRunServer (mainloop-subcommands.c:652)
==2198==    by 0x582256D: papplMainloop (mainloop.c:452)
==2198==    by 0x4A8EC87: prRetroFitPrinterApp (pappl-retrofit.c:56)
==2198==    by 0x109377: main (legacy-printer-app.c:188)
==2198== 
==2198== 4,640 (216 direct, 4,424 indirect) bytes in 1 blocks are definitely lost in loss record 178 of 189
==2198==    at 0x4849E60: calloc (vg_replace_malloc.c:1595)
==2198==    by 0x4870005: cupsArrayNew3 (array.c:742)
==2198==    by 0x4A9632A: _prSetupDriverList (pappl-retrofit.c:3910)
==2198==    by 0x4A9A63D: _prSetup (pappl-retrofit.c:4328)
==2198==    by 0x4A9AB17: _prSystemCB (pappl-retrofit.c:4748)
==2198==    by 0x581EFE6: _papplMainloopRunServer (mainloop-subcommands.c:652)
==2198==    by 0x582256D: papplMainloop (mainloop.c:452)
==2198==    by 0x4A8EC87: prRetroFitPrinterApp (pappl-retrofit.c:56)
==2198==    by 0x109377: main (legacy-printer-app.c:188)
==2198== 
==2198== 6,851 (1,280 direct, 5,571 indirect) bytes in 1 blocks are definitely lost in loss record 179 of 189
==2198==    at 0x484A074: realloc (vg_replace_malloc.c:1690)
==2198==    by 0x4A96BA0: _prSetupDriverList (pappl-retrofit.c:4239)
==2198==    by 0x4A9A63D: _prSetup (pappl-retrofit.c:4328)
==2198==    by 0x4A9AB17: _prSystemCB (pappl-retrofit.c:4748)
==2198==    by 0x581EFE6: _papplMainloopRunServer (mainloop-subcommands.c:652)
==2198==    by 0x582256D: papplMainloop (mainloop.c:452)
==2198==    by 0x4A8EC87: prRetroFitPrinterApp (pappl-retrofit.c:56)
==2198==    by 0x109377: main (legacy-printer-app.c:188)
==2198== 
==2198== 8,368 bytes in 1 blocks are definitely lost in loss record 180 of 189
==2198==    at 0x4849E60: calloc (vg_replace_malloc.c:1595)
==2198==    by 0x487C7DE: cupsFileOpenFd (file.c:1212)
==2198==    by 0x4881681: cupsFileOpen (file.c:1162)
==2198==    by 0x4A227C0: UnknownInlinedFun (ppd-collection.cxx:1019)
==2198==    by 0x4A227C0: ppdCollectionGetPPD (ppd-collection.cxx:731)
==2198==    by 0x4A94998: _prDriverSetup (pappl-retrofit.c:1287)
==2198==    by 0x5824417: papplPrinterCreate (printer.c:561)
==2198==    by 0x584070A: _papplSystemWebAddPrinter (system-webif.c:475)
==2198==    by 0x580FEAF: _papplClientProcessHTTP (client.c:443)
==2198==    by 0x580FFEA: _papplClientRun (client.c:668)
==2198==    by 0x4B411F6: start_thread (pthread_create.c:447)
==2198==    by 0x4BC30E3: clone (clone.S:100)
==2198== 
==2198== LEAK SUMMARY:
==2198==    definitely lost: 10,676 bytes in 19 blocks
==2198==    indirectly lost: 10,203 bytes in 293 blocks
==2198==      possibly lost: 1,818 bytes in 12 blocks
==2198==    still reachable: 481,097 bytes in 12,780 blocks
==2198==         suppressed: 0 bytes in 0 blocks
==2198== Reachable blocks (those to which a pointer was found) are not shown.
==2198== To see them, rerun with: --leak-check=full --show-leak-kinds=all
==2198== 
==2198== For lists of detected and suppressed errors, rerun with: -s
==2198== ERROR SUMMARY: 53 errors from 37 contexts (suppressed: 0 from 0)
