INFO: mock.py version 5.6 starting (python version = 3.12.4, NVR = mock-5.6-1.fc40), args: /usr/libexec/mock/mock -r fedora-rawhide-x86_64 --no-cleanup-after --no-clean --resultdir=/home/zdohnal/repo_upstream/pappl-retrofit/review/pappl-retrofit/results --rebuild /home/zdohnal/repo_upstream/pappl-retrofit/pappl-retrofit-1.0b2-2.fc41.src.rpm
Start(bootstrap): init plugins
INFO: selinux enabled
Finish(bootstrap): init plugins
Start: init plugins
INFO: selinux enabled
Finish: init plugins
INFO: Signal handler active
Start: run
INFO: Start(/home/zdohnal/repo_upstream/pappl-retrofit/pappl-retrofit-1.0b2-2.fc41.src.rpm)  Config(fedora-rawhide-x86_64)
Mock Version: 5.6
INFO: Mock Version: 5.6
Start(bootstrap): chroot init
INFO: calling preinit hooks
INFO: enabled root cache
INFO: enabled package manager cache
Start(bootstrap): cleaning package manager metadata
Finish(bootstrap): cleaning package manager metadata
INFO: Package manager dnf5 detected and used (fallback)
Finish(bootstrap): chroot init
Start: chroot init
INFO: calling preinit hooks
INFO: enabled root cache
INFO: enabled package manager cache
Start: cleaning package manager metadata
Finish: cleaning package manager metadata
INFO: enabled HW Info plugin
INFO: Package manager dnf5 detected and used (direct choice)
INFO: Buildroot is handled by package management downloaded with a bootstrap image:
  rpm-4.19.1.1-1.fc40.x86_64
  rpm-sequoia-1.6.0-2.fc40.x86_64
  python3-dnf-4.19.2-1.fc41.noarch
  yum-4.19.2-1.fc41.noarch
  dnf5-5.1.17-1.fc41.x86_64
  dnf5-plugins-5.1.17-1.fc41.x86_64
Finish: chroot init
Start: build phase for pappl-retrofit-1.0b2-2.fc41.src.rpm
Start: build setup for pappl-retrofit-1.0b2-2.fc41.src.rpm
Finish: build setup for pappl-retrofit-1.0b2-2.fc41.src.rpm
Start: Outputting list of installed packages
Finish: Outputting list of installed packages
Start: rpmbuild pappl-retrofit-1.0b2-2.fc41.src.rpm
Finish: rpmbuild pappl-retrofit-1.0b2-2.fc41.src.rpm
Finish: build phase for pappl-retrofit-1.0b2-2.fc41.src.rpm
INFO: Done(/home/zdohnal/repo_upstream/pappl-retrofit/pappl-retrofit-1.0b2-2.fc41.src.rpm) Config(fedora-rawhide-x86_64) 0 minutes 30 seconds
INFO: Results and/or logs in: /home/zdohnal/repo_upstream/pappl-retrofit/review/pappl-retrofit/results
Finish: run
